<?xml version="1.0" encoding="utf-8"?><testsuites name="pytest tests"><testsuite name="pytest" errors="0" failures="0" skipped="0" tests="8" time="6.758" timestamp="2026-05-11T08:58:13.224155+00:00" hostname="agent-env-fab6af46-849e-4cb8-8e94-e7ac928354d9"><testcase classname="backend.tests.test_sprint_d_iter83" name="test_at_risk_default_shape" time="2.464" /><testcase classname="backend.tests.test_sprint_d_iter83" name="test_at_risk_excludes_categories" time="0.750" /><testcase classname="backend.tests.test_sprint_d_iter83" name="test_at_risk_clamp_max" time="0.744" /><testcase classname="backend.tests.test_sprint_d_iter83" name="test_at_risk_zero_defaults_to_two" time="0.665" /><testcase classname="backend.tests.test_sprint_d_iter83" name="test_weeks_without_session_coherent" time="0.633" /><testcase classname="backend.tests.test_sprint_d_iter83" name="test_sort_order" time="0.650" /><testcase classname="backend.tests.test_sprint_d_iter83" name="test_non_regression_members_endpoint" time="0.351" /><testcase classname="backend.tests.test_sprint_d_iter83" name="test_non_regression_categories_stats" time="0.437" /></testsuite></testsuites>