<?xml version="1.0" encoding="utf-8"?><testsuites name="pytest tests"><testsuite name="pytest" errors="0" failures="0" skipped="0" tests="11" time="3.207" timestamp="2026-05-11T09:57:31.908046+00:00" hostname="agent-env-fab6af46-849e-4cb8-8e94-e7ac928354d9"><testcase classname="backend.tests.test_sprint_d_phase3_iter85.TestIsoWeeks" name="test_march_2026_has_5_slots" time="1.674" /><testcase classname="backend.tests.test_sprint_d_phase3_iter85.TestIsoWeeks" name="test_april_2026_has_4_slots_excludes_w14" time="0.043" /><testcase classname="backend.tests.test_sprint_d_phase3_iter85.TestIsoWeeks" name="test_may_2026_4_slots_w19_belongs_to_may" time="0.043" /><testcase classname="backend.tests.test_sprint_d_phase3_iter85.TestIsoWeeks" name="test_february_2026_has_4_slots" time="0.042" /><testcase classname="backend.tests.test_sprint_d_phase3_iter85.TestIsoWeeks" name="test_invalid_month_13" time="0.045" /><testcase classname="backend.tests.test_sprint_d_phase3_iter85.TestCopyMonthPreview" name="test_preview_returns_full_shape" time="0.462" /><testcase classname="backend.tests.test_sprint_d_phase3_iter85.TestCopyMonthPreview" name="test_preview_same_source_dest_returns_400" time="0.041" /><testcase classname="backend.tests.test_sprint_d_phase3_iter85.TestCopyMonthPreview" name="test_preview_invalid_format_returns_400" time="0.042" /><testcase classname="backend.tests.test_sprint_d_phase3_iter85.TestCopyMonthExec" name="test_execute_empty_source_no_mutation" time="0.149" /><testcase classname="backend.tests.test_sprint_d_phase3_iter85.TestCopyMonthExec" name="test_execute_same_source_dest_400" time="0.043" /><testcase classname="backend.tests.test_sprint_d_phase3_iter85.TestAttendanceRateFormula" name="test_put_course_recomputes_with_new_formula" time="0.556" /></testsuite></testsuites>