<?xml version="1.0" encoding="utf-8"?><testsuites name="pytest tests"><testsuite name="pytest" errors="0" failures="0" skipped="0" tests="24" time="82.207" timestamp="2026-05-13T13:47:19.812181+00:00" hostname="agent-env-fab6af46-849e-4cb8-8e94-e7ac928354d9"><testcase classname="tests.test_sprint_p1_payments_filter_iter88.TestAuthRequired" name="test_payments_without_auth_returns_401" time="0.266" /><testcase classname="tests.test_sprint_p1_payments_filter_iter88.TestAuthRequired" name="test_payments_with_month_without_auth_returns_401" time="0.116" /><testcase classname="tests.test_sprint_p1_payments_filter_iter88.TestMonthValidation" name="test_invalid_month_returns_400[foo]" time="1.644" /><testcase classname="tests.test_sprint_p1_payments_filter_iter88.TestMonthValidation" name="test_invalid_month_returns_400[2026]" time="0.230" /><testcase classname="tests.test_sprint_p1_payments_filter_iter88.TestMonthValidation" name="test_invalid_month_returns_400[2026-13]" time="0.296" /><testcase classname="tests.test_sprint_p1_payments_filter_iter88.TestMonthValidation" name="test_invalid_month_returns_400[2026-00]" time="0.208" /><testcase classname="tests.test_sprint_p1_payments_filter_iter88.TestMonthValidation" name="test_invalid_month_returns_400[2026/05]" time="0.212" /><testcase classname="tests.test_sprint_p1_payments_filter_iter88.TestMonthValidation" name="test_invalid_month_returns_400[2026-1]" time="0.203" /><testcase classname="tests.test_sprint_p1_payments_filter_iter88.TestMonthValidation" name="test_invalid_month_returns_400[abcd-ef]" time="0.225" /><testcase classname="tests.test_sprint_p1_payments_filter_iter88.TestMonthValidation" name="test_invalid_month_returns_400[2026-5]" time="0.226" /><testcase classname="tests.test_sprint_p1_payments_filter_iter88.TestMonthValidation" name="test_invalid_month_returns_400[20260-5]" time="0.221" /><testcase classname="tests.test_sprint_p1_payments_filter_iter88.TestMonthValidation" name="test_invalid_month_returns_400[26-05]" time="0.253" /><testcase classname="tests.test_sprint_p1_payments_filter_iter88.TestMonthValidation" name="test_valid_month_format_accepted[2026-01]" time="0.530" /><testcase classname="tests.test_sprint_p1_payments_filter_iter88.TestMonthValidation" name="test_valid_month_format_accepted[2026-05]" time="8.885" /><testcase classname="tests.test_sprint_p1_payments_filter_iter88.TestMonthValidation" name="test_valid_month_format_accepted[2026-12]" time="0.559" /><testcase classname="tests.test_sprint_p1_payments_filter_iter88.TestMonthValidation" name="test_valid_month_format_accepted[2025-01]" time="0.530" /><testcase classname="tests.test_sprint_p1_payments_filter_iter88.TestMonthValidation" name="test_valid_month_format_accepted[2099-09]" time="0.526" /><testcase classname="tests.test_sprint_p1_payments_filter_iter88.TestBackwardCompat" name="test_no_month_returns_all_payments" time="25.308" /><testcase classname="tests.test_sprint_p1_payments_filter_iter88.TestBackwardCompat" name="test_due_from_due_to_backward_compat" time="8.656" /><testcase classname="tests.test_sprint_p1_payments_filter_iter88.TestMonthFilter" name="test_month_2026_05" time="8.878" /><testcase classname="tests.test_sprint_p1_payments_filter_iter88.TestMonthFilter" name="test_month_2026_02_empty" time="0.542" /><testcase classname="tests.test_sprint_p1_payments_filter_iter88.TestMonthFilter" name="test_month_combined_with_status_paid" time="5.201" /><testcase classname="tests.test_sprint_p1_payments_filter_iter88.TestMemberFilter" name="test_member_id_filter" time="9.674" /><testcase classname="tests.test_sprint_p1_payments_filter_iter88.TestMonthPriority" name="test_month_priority_over_due_from" time="8.745" /></testsuite></testsuites>