<?xml version="1.0" encoding="utf-8"?><testsuites name="pytest tests"><testsuite name="pytest" errors="0" failures="0" skipped="0" tests="11" time="14.803" timestamp="2026-05-11T09:35:27.186936+00:00" hostname="agent-env-fab6af46-849e-4cb8-8e94-e7ac928354d9"><testcase classname="backend.tests.test_sprint_d_phase2_iter84" name="test_put_pause_active_returns_on_pause_true" time="2.390" /><testcase classname="backend.tests.test_sprint_d_phase2_iter84" name="test_put_pause_missing_start_date_returns_400" time="0.571" /><testcase classname="backend.tests.test_sprint_d_phase2_iter84" name="test_put_pause_end_before_start_returns_400" time="0.541" /><testcase classname="backend.tests.test_sprint_d_phase2_iter84" name="test_put_pause_future_on_pause_false_but_persisted" time="1.274" /><testcase classname="backend.tests.test_sprint_d_phase2_iter84" name="test_listing_excludes_paused_by_default_includes_with_flag" time="1.901" /><testcase classname="backend.tests.test_sprint_d_phase2_iter84" name="test_at_risk_excludes_paused_member" time="1.379" /><testcase classname="backend.tests.test_sprint_d_phase2_iter84" name="test_delete_pause_clears_fields" time="1.584" /><testcase classname="backend.tests.test_sprint_d_phase2_iter84" name="test_engagement_recent_shape" time="0.859" /><testcase classname="backend.tests.test_sprint_d_phase2_iter84" name="test_engagement_on_pause_priority" time="1.330" /><testcase classname="backend.tests.test_sprint_d_phase2_iter84" name="test_engagement_not_tracked_for_excluded_categories" time="1.165" /><testcase classname="backend.tests.test_sprint_d_phase2_iter84" name="test_onboarding_pending_include_paused" time="1.756" /></testsuite></testsuites>