<?xml version="1.0" encoding="utf-8"?><testsuites name="pytest tests"><testsuite name="pytest" errors="0" failures="0" skipped="0" tests="14" time="36.869" timestamp="2026-05-13T07:13:59.237473+00:00" hostname="agent-env-fab6af46-849e-4cb8-8e94-e7ac928354d9"><testcase classname="tests.test_g1_g4_f1_iter87.TestG4IsExpiredFlag" name="test_members_list_returns_is_expired_field" time="2.300" /><testcase classname="tests.test_g1_g4_f1_iter87.TestG4IsExpiredFlag" name="test_alex_giraud_is_expired_true" time="0.357" /><testcase classname="tests.test_g1_g4_f1_iter87.TestG4IsExpiredFlag" name="test_archived_members_never_expired" time="0.422" /><testcase classname="tests.test_g1_g4_f1_iter87.TestG4IsExpiredFlag" name="test_member_detail_returns_is_expired" time="0.892" /><testcase classname="tests.test_g1_g4_f1_iter87.TestF1PaymentsUnified" name="test_unified_2026_05_dedup_cascade" time="0.752" /><testcase classname="tests.test_g1_g4_f1_iter87.TestF1PaymentsUnified" name="test_unified_2026_02_pure_historical" time="0.748" /><testcase classname="tests.test_g1_g4_f1_iter87.TestF1PaymentsUnified" name="test_unified_2026_04" time="0.883" /><testcase classname="tests.test_g1_g4_f1_iter87.TestF1PaymentsUnified" name="test_unified_invalid_month_400" time="1.346" /><testcase classname="tests.test_g1_g4_f1_iter87.TestF1PaymentsUnified" name="test_unified_post_returns_405" time="0.104" /><testcase classname="tests.test_g1_g4_f1_iter87.TestF1PaymentsUnified" name="test_unified_no_overlap_between_payments_and_historical" time="0.764" /><testcase classname="tests.test_g1_g4_f1_iter87.TestNonRegression" name="test_payments_list_still_works" time="25.191" /><testcase classname="tests.test_g1_g4_f1_iter87.TestNonRegression" name="test_payments_late_still_works" time="1.533" /><testcase classname="tests.test_g1_g4_f1_iter87.TestNonRegression" name="test_payments_upcoming_still_works" time="1.164" /><testcase classname="tests.test_g1_g4_f1_iter87.TestNonRegression" name="test_member_stats_still_works" time="0.341" /></testsuite></testsuites>