<?xml version="1.0" encoding="utf-8"?><testsuites name="pytest tests"><testsuite name="pytest" errors="0" failures="0" skipped="0" tests="8" time="1.335" timestamp="2026-03-10T07:46:48.935499+00:00" hostname="agent-env-60a8026d-f68c-41d2-bfd9-4d29a665c161"><testcase classname="backend.tests.test_iteration3.TestKPIsN1" name="test_get_all_kpis_returns_24_months" time="0.373" /><testcase classname="backend.tests.test_iteration3.TestKPIsN1" name="test_kpi_2023_fields_present" time="0.226" /><testcase classname="backend.tests.test_iteration3.TestMonthlyNote" name="test_patch_note_updates_correctly" time="0.105" /><testcase classname="backend.tests.test_iteration3.TestMonthlyNote" name="test_patch_note_persists" time="0.112" /><testcase classname="backend.tests.test_iteration3.TestMonthlyNote" name="test_patch_note_clear" time="0.102" /><testcase classname="backend.tests.test_iteration3.TestBulkImport" name="test_bulk_import_transactions" time="0.129" /><testcase classname="backend.tests.test_iteration3.TestBulkImport" name="test_bulk_import_returns_transaction_list" time="0.099" /><testcase classname="backend.tests.test_iteration3.TestBulkImport" name="test_bulk_import_empty_list" time="0.101" /></testsuite></testsuites>