<?xml version="1.0" encoding="utf-8"?><testsuites name="pytest tests"><testsuite name="pytest" errors="0" failures="0" skipped="0" tests="13" time="4.057" timestamp="2026-03-21T15:58:12.517782+00:00" hostname="agent-env-ca3fbb28-4aa4-4d48-a02e-96560da29807"><testcase classname="backend.tests.test_iteration64_franchise_meta.TestSuperAdminLogin" name="test_super_admin_login_success" time="0.410" /><testcase classname="backend.tests.test_iteration64_franchise_meta.TestSuperAdminLogin" name="test_super_admin_login_wrong_password" time="0.269" /><testcase classname="backend.tests.test_iteration64_franchise_meta.TestFranchiseDashboard" name="test_franchise_dashboard_current_month" time="0.325" /><testcase classname="backend.tests.test_iteration64_franchise_meta.TestFranchiseDashboard" name="test_franchise_dashboard_has_clubs" time="0.050" /><testcase classname="backend.tests.test_iteration64_franchise_meta.TestFranchiseDashboard" name="test_franchise_trends" time="0.044" /><testcase classname="backend.tests.test_iteration64_franchise_meta.TestFranchiseDashboard" name="test_franchise_ad_budgets" time="0.051" /><testcase classname="backend.tests.test_iteration64_franchise_meta.TestFranchiseDashboard" name="test_franchise_dashboard_manager_forbidden" time="0.311" /><testcase classname="backend.tests.test_iteration64_franchise_meta.TestMetaAPI" name="test_meta_status" time="0.552" /><testcase classname="backend.tests.test_iteration64_franchise_meta.TestMetaAPI" name="test_meta_ad_spend_current_month" time="0.394" /><testcase classname="backend.tests.test_iteration64_franchise_meta.TestMetaAPI" name="test_meta_ad_spend_past_month" time="0.368" /><testcase classname="backend.tests.test_iteration64_franchise_meta.TestMetaAPI" name="test_meta_sync_ad_spend" time="0.351" /><testcase classname="backend.tests.test_iteration64_franchise_meta.TestMetaAPI" name="test_meta_ad_spend_range" time="0.462" /><testcase classname="backend.tests.test_iteration64_franchise_meta.TestIntegration" name="test_franchise_dashboard_reflects_meta_sync" time="0.387" /></testsuite></testsuites>