<?xml version="1.0" encoding="utf-8"?><testsuites name="pytest tests"><testsuite name="pytest" errors="0" failures="0" skipped="0" tests="9" time="2.175" timestamp="2026-03-23T08:19:18.504643+00:00" hostname="agent-env-4e635d4b-0176-4fe5-ae1c-08049cff2ef2"><testcase classname="backend.tests.test_iteration66_payment_bugs.TestBugFix1MarkPaid" name="test_get_late_payments_for_mark_paid" time="0.521" /><testcase classname="backend.tests.test_iteration66_payment_bugs.TestBugFix1MarkPaid" name="test_mark_payment_paid_returns_200" time="0.267" /><testcase classname="backend.tests.test_iteration66_payment_bugs.TestBugFix2JohanMichelazziDeparted" name="test_late_payments_excludes_departed_members" time="0.162" /><testcase classname="backend.tests.test_iteration66_payment_bugs.TestBugFix2JohanMichelazziDeparted" name="test_verify_johan_is_departed" time="0.136" /><testcase classname="backend.tests.test_iteration66_payment_bugs.TestBugFix3BillingCycleIntervalDays" name="test_audrey_bernard_due_date_calculation" time="0.275" /><testcase classname="backend.tests.test_iteration66_payment_bugs.TestBugFix3BillingCycleIntervalDays" name="test_sync_payments_respects_billing_cycles" time="0.323" /><testcase classname="backend.tests.test_iteration66_payment_bugs.TestPaymentsEndpoints" name="test_get_all_payments" time="0.170" /><testcase classname="backend.tests.test_iteration66_payment_bugs.TestPaymentsEndpoints" name="test_get_late_payments" time="0.168" /><testcase classname="backend.tests.test_iteration66_payment_bugs.TestPaymentsEndpoints" name="test_get_upcoming_payments" time="0.102" /></testsuite></testsuites>