<?xml version="1.0" encoding="utf-8"?><testsuites name="pytest tests"><testsuite name="pytest" errors="0" failures="0" skipped="0" tests="20" time="5.740" timestamp="2026-03-12T18:00:25.488409+00:00" hostname="agent-env-42e3cee8-bf35-4698-a809-333d0c2603dc"><testcase classname="tests.test_iteration14_sidebar_notifications.TestNotificationEndpoints" name="test_send_email_success" time="0.448" /><testcase classname="tests.test_iteration14_sidebar_notifications.TestNotificationEndpoints" name="test_send_email_invalid_recipient" time="0.300" /><testcase classname="tests.test_iteration14_sidebar_notifications.TestNotificationEndpoints" name="test_notification_logs" time="0.123" /><testcase classname="tests.test_iteration14_sidebar_notifications.TestNotificationEndpoints" name="test_notification_logs_limit" time="0.163" /><testcase classname="tests.test_iteration14_sidebar_notifications.TestPaymentReminderEndpoints" name="test_send_payment_reminder_not_found" time="0.150" /><testcase classname="tests.test_iteration14_sidebar_notifications.TestPaymentReminderEndpoints" name="test_send_payment_reminder_endpoint_exists" time="1.803" /><testcase classname="tests.test_iteration14_sidebar_notifications.TestReviewReminderEndpoints" name="test_send_review_reminder_not_found" time="0.173" /><testcase classname="tests.test_iteration14_sidebar_notifications.TestReviewReminderEndpoints" name="test_send_review_reminder_endpoint_exists" time="0.790" /><testcase classname="tests.test_iteration14_sidebar_notifications.TestBulkNotifications" name="test_send_bulk_payment_reminders" time="0.138" /><testcase classname="tests.test_iteration14_sidebar_notifications.TestBulkNotifications" name="test_send_bulk_review_reminders" time="0.111" /><testcase classname="tests.test_iteration14_sidebar_notifications.TestSidebarNavigation" name="test_dashboard_endpoint" time="0.146" /><testcase classname="tests.test_iteration14_sidebar_notifications.TestSidebarNavigation" name="test_transactions_endpoint" time="0.192" /><testcase classname="tests.test_iteration14_sidebar_notifications.TestSidebarNavigation" name="test_members_endpoint" time="0.127" /><testcase classname="tests.test_iteration14_sidebar_notifications.TestSidebarNavigation" name="test_payments_endpoint" time="0.120" /><testcase classname="tests.test_iteration14_sidebar_notifications.TestSidebarNavigation" name="test_trainings_endpoint" time="0.162" /><testcase classname="tests.test_iteration14_sidebar_notifications.TestSidebarNavigation" name="test_challenges_endpoint" time="0.116" /><testcase classname="tests.test_iteration14_sidebar_notifications.TestSidebarNavigation" name="test_annual_reviews_endpoint" time="0.176" /><testcase classname="tests.test_iteration14_sidebar_notifications.TestSidebarNavigation" name="test_settings_endpoint" time="0.144" /><testcase classname="tests.test_iteration14_sidebar_notifications.TestSidebarNavigation" name="test_coaches_endpoint" time="0.134" /><testcase classname="tests.test_iteration14_sidebar_notifications.TestSidebarNavigation" name="test_courses_endpoint" time="0.153" /></testsuite></testsuites>