<?xml version="1.0" encoding="utf-8"?><testsuites name="pytest tests"><testsuite name="pytest" errors="0" failures="0" skipped="0" tests="14" time="3.107" timestamp="2026-03-19T19:05:49.280123+00:00" hostname="agent-env-e56c9415-8d29-42c9-ac94-79e8356d8ac2"><testcase classname="backend.tests.test_iteration62_bugs.TestBug2SkipEndpoint" name="test_get_scheduled_reviews" time="0.172" /><testcase classname="backend.tests.test_iteration62_bugs.TestBug2SkipEndpoint" name="test_skip_endpoint_with_reason" time="0.224" /><testcase classname="backend.tests.test_iteration62_bugs.TestBug3MarkPaidClientName" name="test_get_pending_payments" time="0.134" /><testcase classname="backend.tests.test_iteration62_bugs.TestBug3MarkPaidClientName" name="test_mark_paid_creates_transaction_with_client_name" time="0.782" /><testcase classname="backend.tests.test_iteration62_bugs.TestBug4NoZeroSalaryTransactions" name="test_no_zero_salary_in_transactions" time="0.365" /><testcase classname="backend.tests.test_iteration62_bugs.TestBug4NoZeroSalaryTransactions" name="test_generate_salary_expenses_skips_zero" time="0.135" /><testcase classname="backend.tests.test_iteration62_bugs.TestBug4NoZeroSalaryTransactions" name="test_recurring_generate_skips_zero" time="0.103" /><testcase classname="backend.tests.test_iteration62_bugs.TestBug5NoTestData" name="test_no_test_data_in_transactions" time="0.311" /><testcase classname="backend.tests.test_iteration62_bugs.TestBug6BudgetMonthlyGrid" name="test_monthly_grid_returns_data" time="0.120" /><testcase classname="backend.tests.test_iteration62_bugs.TestBug7RecurringPageExplanation" name="test_recurring_transactions_endpoint" time="0.106" /><testcase classname="backend.tests.test_iteration62_bugs.TestTimeSlotsGeneration" name="test_courses_endpoint_works" time="0.104" /><testcase classname="backend.tests.test_iteration62_bugs.TestAPIHealth" name="test_api_root" time="0.105" /><testcase classname="backend.tests.test_iteration62_bugs.TestAPIHealth" name="test_members_endpoint" time="0.207" /><testcase classname="backend.tests.test_iteration62_bugs.TestAPIHealth" name="test_annual_reviews_endpoint" time="0.162" /></testsuite></testsuites>