<?xml version="1.0" encoding="utf-8"?><testsuites name="pytest tests"><testsuite name="pytest" errors="0" failures="0" skipped="0" tests="14" time="2.162" timestamp="2026-03-19T14:16:21.223028+00:00" hostname="agent-env-edf48f30-9d71-4aa1-b26a-35265795eec2"><testcase classname="backend.tests.test_iteration61_skip_activitylog.TestSkipEndpoint" name="test_get_scheduled_review_for_skip" time="0.343" /><testcase classname="backend.tests.test_iteration61_skip_activitylog.TestSkipEndpoint" name="test_skip_review_without_reason" time="0.240" /><testcase classname="backend.tests.test_iteration61_skip_activitylog.TestSkipEndpoint" name="test_skip_review_with_reason" time="0.214" /><testcase classname="backend.tests.test_iteration61_skip_activitylog.TestSkipEndpoint" name="test_skip_creates_next_review" time="0.304" /><testcase classname="backend.tests.test_iteration61_skip_activitylog.TestSkipEndpoint" name="test_skip_nonexistent_review_returns_404" time="0.058" /><testcase classname="backend.tests.test_iteration61_skip_activitylog.TestActivityLogEndpoint" name="test_get_activity_log_for_member" time="0.054" /><testcase classname="backend.tests.test_iteration61_skip_activitylog.TestActivityLogEndpoint" name="test_activity_log_includes_skip_entries" time="0.064" /><testcase classname="backend.tests.test_iteration61_skip_activitylog.TestActivityLogEndpoint" name="test_activity_log_empty_for_new_member" time="0.162" /><testcase classname="backend.tests.test_iteration61_skip_activitylog.TestReviewTypeAndFrequency" name="test_all_scheduled_reviews_are_monthly" time="0.094" /><testcase classname="backend.tests.test_iteration61_skip_activitylog.TestReviewTypeAndFrequency" name="test_overdue_reviews_have_monthly_type" time="0.098" /><testcase classname="backend.tests.test_iteration61_skip_activitylog.TestReviewTypeAndFrequency" name="test_frequency_map_includes_weekly" time="0.079" /><testcase classname="backend.tests.test_iteration61_skip_activitylog.TestDashboardAlerts" name="test_dashboard_alerts_endpoint" time="0.054" /><testcase classname="backend.tests.test_iteration61_skip_activitylog.TestDashboardAlerts" name="test_overdue_count_matches_overdue_endpoint" time="0.146" /><testcase classname="backend.tests.test_iteration61_skip_activitylog.TestMemberActivityLogging" name="test_member_creation_logs_activity" time="0.178" /></testsuite></testsuites>