<?xml version="1.0" encoding="utf-8"?><testsuites name="pytest tests"><testsuite name="pytest" errors="0" failures="0" skipped="0" tests="10" time="1.640" timestamp="2026-03-15T18:27:56.122088+00:00" hostname="agent-env-6eb44d11-8953-41d5-a36e-40813bb9db62"><testcase classname="backend.tests.test_iteration40_kpi_details.TestKPIDetailsEndpoint" name="test_get_monthly_kpi_details_returns_all_fields" time="0.197" /><testcase classname="backend.tests.test_iteration40_kpi_details.TestKPIDetailsEndpoint" name="test_revenue_breakdown_contains_abonnements" time="0.130" /><testcase classname="backend.tests.test_iteration40_kpi_details.TestKPIDetailsEndpoint" name="test_expense_breakdown_contains_salaires_coachs" time="0.146" /><testcase classname="backend.tests.test_iteration40_kpi_details.TestKPIDetailsEndpoint" name="test_recurring_expense_contains_loyer_hybrid" time="0.129" /><testcase classname="backend.tests.test_iteration40_kpi_details.TestKPIDetailsEndpoint" name="test_kpi_contains_fast_cash_revenue" time="0.133" /><testcase classname="backend.tests.test_iteration40_kpi_details.TestKPIDetailsEndpoint" name="test_totals_from_transactions_are_correct" time="0.150" /><testcase classname="backend.tests.test_iteration40_kpi_details.TestRecurringTransactionGeneration" name="test_generate_recurring_for_test_month" time="0.275" /><testcase classname="backend.tests.test_iteration40_kpi_details.TestKPIDetailsNotFound" name="test_kpi_details_nonexistent_month" time="0.160" /><testcase classname="backend.tests.test_iteration40_kpi_details.TestCategoryBreakdownStructure" name="test_breakdown_entry_structure" time="0.123" /><testcase classname="backend.tests.test_iteration40_kpi_details.TestRecurringTransactionStatusFlag" name="test_recurring_generated_flag" time="0.132" /></testsuite></testsuites>