<?xml version="1.0" encoding="utf-8"?><testsuites name="pytest tests"><testsuite name="pytest" errors="0" failures="0" skipped="0" tests="9" time="24.976" timestamp="2026-03-13T19:46:27.888262+00:00" hostname="agent-env-e646f235-2fbc-4ad7-983b-718bc3ebe648"><testcase classname="tests.test_ghl_iteration30_new_features.TestGHLSyncDateFilters" name="test_sync_without_dates_returns_all_opportunities" time="7.858" /><testcase classname="tests.test_ghl_iteration30_new_features.TestGHLSyncDateFilters" name="test_sync_with_date_range_filters_results" time="4.096" /><testcase classname="tests.test_ghl_iteration30_new_features.TestGHLSyncDateFilters" name="test_sync_with_partial_date_filter_start_only" time="4.002" /><testcase classname="tests.test_ghl_iteration30_new_features.TestGHLSyncDateFilters" name="test_sync_with_partial_date_filter_end_only" time="3.980" /><testcase classname="tests.test_ghl_iteration30_new_features.TestGHLCallsMade" name="test_update_calls_made_success" time="0.245" /><testcase classname="tests.test_ghl_iteration30_new_features.TestGHLCallsMade" name="test_update_calls_made_requires_month" time="0.158" /><testcase classname="tests.test_ghl_iteration30_new_features.TestGHLCallsMade" name="test_update_calls_made_creates_kpi_if_not_exists" time="0.166" /><testcase classname="tests.test_ghl_iteration30_new_features.TestGHLCallsMade" name="test_verify_calls_made_persists_via_kpi_endpoint" time="0.289" /><testcase classname="tests.test_ghl_iteration30_new_features.TestGHLLastSync" name="test_last_sync_shows_date_filters_used" time="4.112" /></testsuite></testsuites>