<?xml version="1.0" encoding="utf-8"?><testsuites name="pytest tests"><testsuite name="pytest" errors="0" failures="0" skipped="0" tests="13" time="4.404" timestamp="2026-04-01T09:52:08.714175+00:00" hostname="agent-env-c1a56634-92fb-440d-a48f-53b433bb33ba"><testcase classname="backend.tests.test_iteration71_rollover.TestRolloverStatus" name="test_rollover_status_returns_correct_structure" time="0.142" /><testcase classname="backend.tests.test_iteration71_rollover.TestRolloverRunSingleClub" name="test_rollover_run_with_club_id_returns_correct_structure" time="0.156" /><testcase classname="backend.tests.test_iteration71_rollover.TestRolloverRunSingleClub" name="test_rollover_idempotent_no_duplicate_payments" time="0.272" /><testcase classname="backend.tests.test_iteration71_rollover.TestRolloverRunSingleClub" name="test_rollover_idempotent_no_duplicate_transactions" time="0.337" /><testcase classname="backend.tests.test_iteration71_rollover.TestRolloverRunAllClubs" name="test_rollover_run_all_returns_array_of_results" time="1.240" /><testcase classname="backend.tests.test_iteration71_rollover.TestRolloverRunAllClubs" name="test_rollover_run_all_includes_versoix" time="1.005" /><testcase classname="backend.tests.test_iteration71_rollover.TestKPIExistsAfterRollover" name="test_kpi_exists_for_current_month" time="0.259" /><testcase classname="backend.tests.test_iteration71_rollover.TestPaymentsCreatedForCurrentMonth" name="test_payments_exist_for_april_2026" time="0.172" /><testcase classname="backend.tests.test_iteration71_rollover.TestPaymentsCreatedForCurrentMonth" name="test_payments_have_correct_structure" time="0.157" /><testcase classname="backend.tests.test_iteration71_rollover.TestLatePaymentsMarking" name="test_late_payments_endpoint_works" time="0.138" /><testcase classname="backend.tests.test_iteration71_rollover.TestMonthSelectorAvailableMonths" name="test_monthly_kpis_returns_data" time="0.129" /><testcase classname="backend.tests.test_iteration71_rollover.TestMonthSelectorAvailableMonths" name="test_monthly_kpis_includes_current_month" time="0.099" /><testcase classname="backend.tests.test_iteration71_rollover.TestRolloverStatusAfterRun" name="test_status_updated_after_run" time="0.237" /></testsuite></testsuites>