<?xml version="1.0" encoding="utf-8"?><testsuites name="pytest tests"><testsuite name="pytest" errors="0" failures="0" skipped="0" tests="9" time="2.111" timestamp="2026-03-24T10:27:31.588869+00:00" hostname="agent-env-a9c1e348-2de0-4d1b-b075-83122b4b7ed5"><testcase classname="backend.tests.test_iteration69_bugfixes.TestBulkCourseCreation" name="test_bulk_create_courses_with_club_id" time="0.707" /><testcase classname="backend.tests.test_iteration69_bugfixes.TestNewCourseType" name="test_create_course_type" time="0.096" /><testcase classname="backend.tests.test_iteration69_bugfixes.TestNewCourseType" name="test_get_course_types_includes_new_type" time="0.099" /><testcase classname="backend.tests.test_iteration69_bugfixes.TestEditCourseName" name="test_update_course_name" time="0.322" /><testcase classname="backend.tests.test_iteration69_bugfixes.TestAttendanceUpdate" name="test_create_training_record" time="0.222" /><testcase classname="backend.tests.test_iteration69_bugfixes.TestAttendanceUpdate" name="test_get_trainings" time="0.089" /><testcase classname="backend.tests.test_iteration69_bugfixes.TestMembershipMembersList" name="test_get_membership_types" time="0.121" /><testcase classname="backend.tests.test_iteration69_bugfixes.TestMembershipMembersList" name="test_get_members_with_membership" time="0.128" /><testcase classname="backend.tests.test_iteration69_bugfixes.TestMembershipMembersList" name="test_members_can_be_grouped_by_membership" time="0.264" /></testsuite></testsuites>