<?xml version="1.0" encoding="utf-8"?><testsuites name="pytest tests"><testsuite name="pytest" errors="0" failures="2" skipped="0" tests="13" time="1.829" timestamp="2026-03-15T18:04:49.325604+00:00" hostname="agent-env-31148b89-c0ec-4675-bd68-7c4b4abb11fd"><testcase classname="backend.tests.test_iteration39_features.TestIteraion39Backend" name="test_health_check" time="0.156"><failure message="assert 404 == 200&#10; +  where 404 = &lt;Response [404]&gt;.status_code">backend/tests/test_iteration39_features.py:26: in test_health_check
    assert response.status_code == 200
E   assert 404 == 200
E    +  where 404 = &lt;Response [404]&gt;.status_code</failure></testcase><testcase classname="backend.tests.test_iteration39_features.TestIteraion39Backend" name="test_get_transactions_for_march_2026" time="0.128" /><testcase classname="backend.tests.test_iteration39_features.TestIteraion39Backend" name="test_transactions_include_caroline_maerten" time="0.133" /><testcase classname="backend.tests.test_iteration39_features.TestIteraion39Backend" name="test_ghl_transactions_have_correct_type_and_category" time="0.138" /><testcase classname="backend.tests.test_iteration39_features.TestIteraion39Backend" name="test_monthly_kpi_march_2026" time="0.134" /><testcase classname="backend.tests.test_iteration39_features.TestIteraion39Backend" name="test_recalculate_month_endpoint" time="0.137" /><testcase classname="backend.tests.test_iteration39_features.TestIteraion39Backend" name="test_get_categories" time="0.138" /><testcase classname="backend.tests.test_iteration39_features.TestIteraion39Backend" name="test_get_excluded_transactions" time="0.133" /><testcase classname="backend.tests.test_iteration39_features.TestIteraion39Backend" name="test_remove_from_exclusions_restores_transaction" time="0.132"><failure message="assert 400 == 200&#10; +  where 400 = &lt;Response [400]&gt;.status_code">backend/tests/test_iteration39_features.py:195: in test_remove_from_exclusions_restores_transaction
    assert create_response.status_code == 200
E   assert 400 == 200
E    +  where 400 = &lt;Response [400]&gt;.status_code</failure></testcase><testcase classname="backend.tests.test_iteration39_features.TestIteraion39Backend" name="test_annual_reviews_overdue_endpoint" time="0.123" /><testcase classname="backend.tests.test_iteration39_features.TestIteraion39Backend" name="test_annual_reviews_upcoming_endpoint" time="0.135" /><testcase classname="backend.tests.test_iteration39_features.TestIteraion39Backend" name="test_late_payments_count" time="0.136" /><testcase classname="backend.tests.test_iteration39_features.TestIteraion39Backend" name="test_onboarding_pending_count" time="0.132" /></testsuite></testsuites>