<?xml version="1.0" encoding="utf-8"?><testsuites name="pytest tests"><testsuite name="pytest" errors="0" failures="0" skipped="0" tests="12" time="3.120" timestamp="2026-03-12T18:22:45.215121+00:00" hostname="agent-env-42e3cee8-bf35-4698-a809-333d0c2603dc"><testcase classname="backend.tests.test_iteration15_notifications_page.TestNotificationLogs" name="test_get_notification_logs_success" time="0.357" /><testcase classname="backend.tests.test_iteration15_notifications_page.TestNotificationLogs" name="test_get_notification_logs_with_limit" time="0.135" /><testcase classname="backend.tests.test_iteration15_notifications_page.TestSendEmail" name="test_send_email_success_verified_recipient" time="0.460" /><testcase classname="backend.tests.test_iteration15_notifications_page.TestSendEmail" name="test_send_email_missing_fields" time="0.134" /><testcase classname="backend.tests.test_iteration15_notifications_page.TestBulkNotifications" name="test_bulk_payment_reminder" time="0.312" /><testcase classname="backend.tests.test_iteration15_notifications_page.TestBulkNotifications" name="test_bulk_review_reminder" time="0.302" /><testcase classname="backend.tests.test_iteration15_notifications_page.TestPaymentReminder" name="test_payment_reminder_invalid_id" time="0.180" /><testcase classname="backend.tests.test_iteration15_notifications_page.TestPaymentReminder" name="test_payment_reminder_with_test_payment" time="0.434" /><testcase classname="backend.tests.test_iteration15_notifications_page.TestReviewReminder" name="test_review_reminder_invalid_id" time="0.124" /><testcase classname="backend.tests.test_iteration15_notifications_page.TestReviewReminder" name="test_review_reminder_with_test_review" time="0.348" /><testcase classname="backend.tests.test_iteration15_notifications_page.TestNotificationLogsStructure" name="test_log_structure_after_send" time="0.153" /><testcase classname="backend.tests.test_iteration15_notifications_page.TestMembersEndpointForCompose" name="test_get_members_for_recipient_selector" time="0.116" /></testsuite></testsuites>