<?xml version="1.0" encoding="utf-8"?><testsuites name="pytest tests"><testsuite name="pytest" errors="0" failures="0" skipped="0" tests="15" time="2.061" timestamp="2026-03-16T16:12:35.298253+00:00" hostname="agent-env-e9e66705-f85f-4306-8f61-22cd93bfba61"><testcase classname="backend.tests.test_iteration44_full_data_import.TestMembersData" name="test_get_all_members_count" time="0.595" /><testcase classname="backend.tests.test_iteration44_full_data_import.TestMembersData" name="test_members_pif_classification" time="0.103" /><testcase classname="backend.tests.test_iteration44_full_data_import.TestCategoriesData" name="test_get_all_categories" time="0.089" /><testcase classname="backend.tests.test_iteration44_full_data_import.TestCategoriesData" name="test_categories_revenue_expense_split" time="0.074" /><testcase classname="backend.tests.test_iteration44_full_data_import.TestCategoriesData" name="test_categories_have_kpi_column" time="0.076" /><testcase classname="backend.tests.test_iteration44_full_data_import.TestMembershipTypes" name="test_get_membership_types" time="0.071" /><testcase classname="backend.tests.test_iteration44_full_data_import.TestMembershipTypes" name="test_pif_membership_types" time="0.073" /><testcase classname="backend.tests.test_iteration44_full_data_import.TestMonthlyGridExpenses" name="test_get_monthly_grid_expenses_2025" time="0.095" /><testcase classname="backend.tests.test_iteration44_full_data_import.TestMonthlyGridExpenses" name="test_monthly_grid_has_loyers_data" time="0.084" /><testcase classname="backend.tests.test_iteration44_full_data_import.TestMonthlyGridRevenues" name="test_get_monthly_grid_revenues_2025" time="0.089" /><testcase classname="backend.tests.test_iteration44_full_data_import.TestUpdateMonthlyAmount" name="test_update_monthly_amount" time="0.189" /><testcase classname="backend.tests.test_iteration44_full_data_import.TestMonthlyKPIs" name="test_get_monthly_kpi_2025_01" time="0.070" /><testcase classname="backend.tests.test_iteration44_full_data_import.TestMonthlyKPIs" name="test_get_monthly_kpi_2026_02" time="0.075" /><testcase classname="backend.tests.test_iteration44_full_data_import.TestMonthlyKPIs" name="test_get_all_monthly_kpis" time="0.082" /><testcase classname="backend.tests.test_iteration44_full_data_import.TestTransactionsCounts" name="test_get_transactions_count" time="0.240" /></testsuite></testsuites>