<?xml version="1.0" encoding="utf-8"?><testsuites name="pytest tests"><testsuite name="pytest" errors="0" failures="0" skipped="0" tests="7" time="1.120" timestamp="2026-03-17T19:57:20.156569+00:00" hostname="agent-env-e44d92a8-b0bb-49b1-a497-f84f8b8dd87b"><testcase classname="backend.tests.test_dashboard_fixes_iter53.TestCashCollectedFix" name="test_march_2026_cash_collected_zero" time="0.175" /><testcase classname="backend.tests.test_dashboard_fixes_iter53.TestCashCollectedFix" name="test_recalculate_sets_cash_collected_zero" time="0.129" /><testcase classname="backend.tests.test_dashboard_fixes_iter53.TestCashCollectedFix" name="test_monthly_kpis_list_march_cash_zero" time="0.184" /><testcase classname="backend.tests.test_dashboard_fixes_iter53.TestMemberStatsAPI" name="test_member_stats_endpoint" time="0.117" /><testcase classname="backend.tests.test_dashboard_fixes_iter53.TestMemberStatsAPI" name="test_member_stats_active_members_count" time="0.122" /><testcase classname="backend.tests.test_dashboard_fixes_iter53.TestMemberStatsAPI" name="test_member_stats_active_coaches_count" time="0.183" /><testcase classname="backend.tests.test_dashboard_fixes_iter53.TestKPIDetailsEndpoint" name="test_kpi_details_cash_collected" time="0.150" /></testsuite></testsuites>