<?xml version="1.0" encoding="utf-8"?><testsuites name="pytest tests"><testsuite name="pytest" errors="0" failures="0" skipped="0" tests="9" time="6.792" timestamp="2026-03-28T14:06:40.236071+00:00" hostname="agent-env-c1a56634-92fb-440d-a48f-53b433bb33ba"><testcase classname="backend.tests.test_iteration70_supabase_sync.TestSyncStatus" name="test_sync_status_returns_correct_structure" time="0.253" /><testcase classname="backend.tests.test_iteration70_supabase_sync.TestSingleClubSync" name="test_sync_versoix_club_success" time="0.722" /><testcase classname="backend.tests.test_iteration70_supabase_sync.TestSingleClubSync" name="test_sync_grand_saconnex_club_success" time="0.332" /><testcase classname="backend.tests.test_iteration70_supabase_sync.TestSingleClubSync" name="test_sync_unknown_club_returns_skipped" time="0.111" /><testcase classname="backend.tests.test_iteration70_supabase_sync.TestSingleClubSync" name="test_sync_servette_no_data_returns_skipped" time="0.140" /><testcase classname="backend.tests.test_iteration70_supabase_sync.TestSyncAllClubs" name="test_sync_all_clubs_returns_per_club_results" time="0.914" /><testcase classname="backend.tests.test_iteration70_supabase_sync.TestSyncStatusAfterSync" name="test_status_updated_after_single_club_sync" time="1.265" /><testcase classname="backend.tests.test_iteration70_supabase_sync.TestAutoSyncAfterRecalculate" name="test_recalculate_triggers_auto_sync" time="2.424" /><testcase classname="backend.tests.test_iteration70_supabase_sync.TestSyncWithoutClubId" name="test_sync_without_club_id_syncs_all" time="0.563" /></testsuite></testsuites>