<?xml version="1.0" encoding="utf-8"?><testsuites name="pytest tests"><testsuite name="pytest" errors="0" failures="0" skipped="0" tests="15" time="2.733" timestamp="2026-03-16T19:55:02.985066+00:00" hostname="agent-env-e44d92a8-b0bb-49b1-a497-f84f8b8dd87b"><testcase classname="backend.tests.test_member_classification_iter49.TestMemberStatsClassification" name="test_stats_endpoint_returns_200" time="0.210" /><testcase classname="backend.tests.test_member_classification_iter49.TestMemberStatsClassification" name="test_departed_count_is_187" time="0.176" /><testcase classname="backend.tests.test_member_classification_iter49.TestMemberStatsClassification" name="test_active_members_count_is_97" time="0.178" /><testcase classname="backend.tests.test_member_classification_iter49.TestMemberStatsClassification" name="test_active_coaches_count_is_31" time="0.131" /><testcase classname="backend.tests.test_member_classification_iter49.TestMemberStatsClassification" name="test_stats_response_structure" time="0.109" /><testcase classname="backend.tests.test_member_classification_iter49.TestMemberListClassification" name="test_members_endpoint_returns_200" time="0.230" /><testcase classname="backend.tests.test_member_classification_iter49.TestMemberListClassification" name="test_alexandre_alsonso_in_current_not_departed" time="0.177" /><testcase classname="backend.tests.test_member_classification_iter49.TestMemberListClassification" name="test_members_with_future_exit_date_not_marked_departed" time="0.196" /><testcase classname="backend.tests.test_member_classification_iter49.TestMemberListClassification" name="test_departed_members_have_past_exit_date" time="0.276" /><testcase classname="backend.tests.test_member_classification_iter49.TestDuoMemberDeduplication" name="test_no_duo_members_flagged_as_duplicate" time="0.187" /><testcase classname="backend.tests.test_member_classification_iter49.TestDuoMemberDeduplication" name="test_duo_primary_and_partner_not_duplicates" time="0.158" /><testcase classname="backend.tests.test_member_classification_iter49.TestDuoMemberDeduplication" name="test_cindy_alexis_duo_pair_not_duplicate" time="0.140" /><testcase classname="backend.tests.test_member_classification_iter49.TestMemberTypeBreakdown" name="test_pif_active_count" time="0.222" /><testcase classname="backend.tests.test_member_classification_iter49.TestMemberTypeBreakdown" name="test_recurring_active_count" time="0.153" /><testcase classname="backend.tests.test_member_classification_iter49.TestMemberTypeBreakdown" name="test_total_counts_consistency" time="0.126" /></testsuite></testsuites>