<?xml version="1.0" encoding="utf-8"?><testsuites name="pytest tests"><testsuite name="pytest" errors="0" failures="0" skipped="0" tests="14" time="3.419" timestamp="2026-03-10T09:04:22.335407+00:00" hostname="agent-env-14f868a5-96e0-4cec-9194-7a3626b3eeeb"><testcase classname="backend.tests.test_auth.TestAuthEndpoints" name="test_login_success" time="0.440" /><testcase classname="backend.tests.test_auth.TestAuthEndpoints" name="test_login_invalid_credentials" time="0.346" /><testcase classname="backend.tests.test_auth.TestAuthEndpoints" name="test_login_nonexistent_user" time="0.115" /><testcase classname="backend.tests.test_auth.TestAuthEndpoints" name="test_register_new_user_and_verify" time="0.439" /><testcase classname="backend.tests.test_auth.TestAuthEndpoints" name="test_register_duplicate_email" time="0.101" /><testcase classname="backend.tests.test_auth.TestAuthEndpoints" name="test_get_me_with_valid_token" time="0.442" /><testcase classname="backend.tests.test_auth.TestAuthEndpoints" name="test_get_me_without_token" time="0.098" /><testcase classname="backend.tests.test_auth.TestAuthEndpoints" name="test_get_me_with_invalid_token" time="0.108" /><testcase classname="backend.tests.test_auth.TestAuthEndpoints" name="test_update_club_name" time="0.723" /><testcase classname="backend.tests.test_auth.TestAuthEndpoints" name="test_update_club_name_without_auth" time="0.096" /><testcase classname="backend.tests.test_auth.TestProtectedRoutes" name="test_unprotected_routes_work_without_auth" time="0.101" /><testcase classname="backend.tests.test_auth.TestProtectedRoutes" name="test_settings_route_works" time="0.102" /><testcase classname="backend.tests.test_auth.TestTokenValidation" name="test_malformed_authorization_header" time="0.096" /><testcase classname="backend.tests.test_auth.TestTokenValidation" name="test_empty_bearer_token" time="0.107" /></testsuite></testsuites>