<?xml version="1.0" encoding="utf-8"?><testsuites name="pytest tests"><testsuite name="pytest" errors="0" failures="0" skipped="0" tests="9" time="1.901" timestamp="2026-03-17T19:08:25.436429+00:00" hostname="agent-env-e44d92a8-b0bb-49b1-a497-f84f8b8dd87b"><testcase classname="backend.tests.test_iteration51_features.TestKPIRecalculation" name="test_march_2026_kpi_values" time="0.236" /><testcase classname="backend.tests.test_iteration51_features.TestKPIRecalculation" name="test_recalculate_endpoint" time="0.118" /><testcase classname="backend.tests.test_iteration51_features.TestKPIRecalculation" name="test_kpi_details_has_transaction_breakdown" time="0.152" /><testcase classname="backend.tests.test_iteration51_features.TestTransactionClientNames" name="test_details_has_client_name_in_transactions" time="0.130" /><testcase classname="backend.tests.test_iteration51_features.TestTransactionClientNames" name="test_lucas_sanchez_in_transactions" time="0.150" /><testcase classname="backend.tests.test_iteration51_features.TestMemberRenewalCycle" name="test_members_api_returns_data" time="0.176" /><testcase classname="backend.tests.test_iteration51_features.TestMemberRenewalCycle" name="test_member_update_with_subscription_end_date" time="0.220" /><testcase classname="backend.tests.test_iteration51_features.TestMemberSearch" name="test_lucas_sanchez_exists" time="0.200" /><testcase classname="backend.tests.test_iteration51_features.TestAllMonthlyKPIs" name="test_get_all_kpis" time="0.454" /></testsuite></testsuites>