<?xml version="1.0" encoding="utf-8"?><testsuites name="pytest tests"><testsuite name="pytest" errors="0" failures="0" skipped="0" tests="16" time="2.906" timestamp="2026-03-19T11:26:28.939379+00:00" hostname="agent-env-03141bf1-9bea-47e3-afc9-d9918fd2cd0f"><testcase classname="backend.tests.test_iteration58_features.TestMemberStats" name="test_member_stats_returns_active_members" time="0.240" /><testcase classname="backend.tests.test_iteration58_features.TestMemberStats" name="test_member_stats_returns_active_coaches" time="0.108" /><testcase classname="backend.tests.test_iteration58_features.TestPaymentsSync" name="test_sync_payments_with_members_endpoint" time="0.208" /><testcase classname="backend.tests.test_iteration58_features.TestPaymentsSync" name="test_sync_payments_creates_matching_records" time="0.267" /><testcase classname="backend.tests.test_iteration58_features.TestMarkPaymentPaid" name="test_mark_payment_paid_creates_transaction" time="0.273" /><testcase classname="backend.tests.test_iteration58_features.TestMarkPaymentPaid" name="test_mark_paid_updates_kpi_revenue" time="0.103" /><testcase classname="backend.tests.test_iteration58_features.TestKPIDetailsRecurringRevenue" name="test_kpi_details_has_recurring_revenue_section" time="0.114" /><testcase classname="backend.tests.test_iteration58_features.TestKPIDetailsRecurringRevenue" name="test_recurring_revenue_has_correct_amounts" time="0.155" /><testcase classname="backend.tests.test_iteration58_features.TestKPIDetailsRecurringRevenue" name="test_recurring_revenue_no_coaches" time="0.110" /><testcase classname="backend.tests.test_iteration58_features.TestCourseTypes" name="test_get_course_types_returns_list" time="0.098" /><testcase classname="backend.tests.test_iteration58_features.TestCourseTypes" name="test_create_course_type" time="0.106" /><testcase classname="backend.tests.test_iteration58_features.TestCourseTypes" name="test_create_duplicate_course_type_fails" time="0.214" /><testcase classname="backend.tests.test_iteration58_features.TestDissociateDuo" name="test_dissociate_duo_returns_success" time="0.259" /><testcase classname="backend.tests.test_iteration58_features.TestDissociateDuo" name="test_dissociate_non_duo_fails" time="0.295" /><testcase classname="backend.tests.test_iteration58_features.TestPaymentsPage" name="test_payments_list_has_member_names" time="0.135" /><testcase classname="backend.tests.test_iteration58_features.TestPaymentsPage" name="test_payments_have_correct_status" time="0.137" /></testsuite></testsuites>