<?xml version="1.0" encoding="utf-8"?><testsuites name="pytest tests"><testsuite name="pytest" errors="0" failures="0" skipped="0" tests="14" time="2.638" timestamp="2026-03-10T09:24:37.501938+00:00" hostname="agent-env-14f868a5-96e0-4cec-9194-7a3626b3eeeb"><testcase classname="tests.test_iteration7.TestMonthlyKPIsEnrichedModel" name="test_get_monthly_kpis_returns_list" time="0.177" /><testcase classname="tests.test_iteration7.TestMonthlyKPIsEnrichedModel" name="test_bulk_imported_kpi_has_enriched_fields" time="0.206" /><testcase classname="tests.test_iteration7.TestMonthlyKPIsEnrichedModel" name="test_kpi_base_fields_present" time="0.112" /><testcase classname="tests.test_iteration7.TestBulkImportEndpoint" name="test_bulk_import_creates_new_kpis" time="0.228" /><testcase classname="tests.test_iteration7.TestBulkImportEndpoint" name="test_bulk_import_updates_existing_kpi" time="0.325" /><testcase classname="tests.test_iteration7.TestBulkImportEndpoint" name="test_bulk_import_multiple_months" time="0.100" /><testcase classname="tests.test_iteration7.TestBulkImportEndpoint" name="test_bulk_import_with_supabase_field_names" time="0.206" /><testcase classname="tests.test_iteration7.TestBulkImportEndpoint" name="test_bulk_import_skips_entries_without_month" time="0.100" /><testcase classname="tests.test_iteration7.TestDateRangeSupport" name="test_kpis_returned_sorted_by_month" time="0.110" /><testcase classname="tests.test_iteration7.TestDateRangeSupport" name="test_multiple_years_data_available" time="0.110" /><testcase classname="tests.test_iteration7.TestDateRangeSupport" name="test_get_single_month_kpi" time="0.097" /><testcase classname="tests.test_iteration7.TestDateRangeSupport" name="test_metrics_computed_correctly" time="0.112" /><testcase classname="tests.test_iteration7.TestAuthEndpoints" name="test_login_success" time="0.347" /><testcase classname="tests.test_iteration7.TestAuthEndpoints" name="test_register_creates_user" time="0.323" /></testsuite></testsuites>