<?xml version="1.0" encoding="utf-8"?><testsuites name="pytest tests"><testsuite name="pytest" errors="0" failures="0" skipped="0" tests="9" time="1.382" timestamp="2026-03-10T07:16:33.424797+00:00" hostname="agent-env-60a8026d-f68c-41d2-bfd9-4d29a665c161"><testcase classname="backend.tests.test_iteration2.TestSettings" name="test_get_settings" time="0.220" /><testcase classname="backend.tests.test_iteration2.TestSettings" name="test_put_settings" time="0.100" /><testcase classname="backend.tests.test_iteration2.TestSettings" name="test_settings_persisted_after_put" time="0.202" /><testcase classname="backend.tests.test_iteration2.TestCategories" name="test_get_categories" time="0.105" /><testcase classname="backend.tests.test_iteration2.TestCategories" name="test_create_category" time="0.113" /><testcase classname="backend.tests.test_iteration2.TestCategories" name="test_delete_category" time="0.128" /><testcase classname="backend.tests.test_iteration2.TestCategories" name="test_delete_nonexistent_category" time="0.137" /><testcase classname="backend.tests.test_iteration2.TestRecalculate" name="test_recalculate_all" time="0.126" /><testcase classname="backend.tests.test_iteration2.TestRecalculate" name="test_recalculate_specific_month" time="0.141" /></testsuite></testsuites>