<?xml version="1.0" encoding="utf-8"?><testsuites name="pytest tests"><testsuite name="pytest" errors="0" failures="0" skipped="0" tests="11" time="2.520" timestamp="2026-03-10T08:06:53.296842+00:00" hostname="agent-env-14f868a5-96e0-4cec-9194-7a3626b3eeeb"><testcase classname="backend.tests.test_recurring_transactions.TestRecurringTransactionsCRUD" name="test_get_all_recurring_transactions" time="0.193" /><testcase classname="backend.tests.test_recurring_transactions.TestRecurringTransactionsCRUD" name="test_create_recurring_transaction" time="0.208" /><testcase classname="backend.tests.test_recurring_transactions.TestRecurringTransactionsCRUD" name="test_update_recurring_transaction" time="0.330" /><testcase classname="backend.tests.test_recurring_transactions.TestRecurringTransactionsCRUD" name="test_delete_recurring_transaction" time="0.352" /><testcase classname="backend.tests.test_recurring_transactions.TestRecurringTransactionsCRUD" name="test_delete_nonexistent_returns_404" time="0.105" /><testcase classname="backend.tests.test_recurring_transactions.TestRecurringTransactionGeneration" name="test_generate_transactions_for_month" time="0.323" /><testcase classname="backend.tests.test_recurring_transactions.TestRecurringTransactionGeneration" name="test_generate_invalid_month_returns_400" time="0.097" /><testcase classname="backend.tests.test_recurring_transactions.TestRecurringTransactionGeneration" name="test_generate_respects_recurrence_day" time="0.101" /><testcase classname="backend.tests.test_recurring_transactions.TestRecurringTransactionToggle" name="test_toggle_active_to_inactive" time="0.295" /><testcase classname="backend.tests.test_recurring_transactions.TestRecurringTransactionToggle" name="test_inactive_excluded_from_generation" time="0.300" /><testcase classname="backend.tests.test_recurring_transactions.TestCategories" name="test_get_categories_returns_expense_and_revenue" time="0.121" /></testsuite></testsuites>