<?xml version="1.0" encoding="utf-8"?><testsuites name="pytest tests"><testsuite name="pytest" errors="0" failures="0" skipped="0" tests="12" time="2.243" timestamp="2026-03-18T18:20:39.314889+00:00" hostname="agent-env-977a7db0-3a78-4e75-8aea-1963e794ebf0"><testcase classname="backend.tests.test_bugs_iter57.TestRecurringRevenueFix" name="test_recurring_revenue_count_is_around_47" time="0.159" /><testcase classname="backend.tests.test_bugs_iter57.TestRecurringRevenueFix" name="test_recurring_revenue_total_around_6202" time="0.139" /><testcase classname="backend.tests.test_bugs_iter57.TestRecurringRevenueFix" name="test_recurring_revenue_all_have_member_names" time="0.134" /><testcase classname="backend.tests.test_bugs_iter57.TestRecurringRevenueFix" name="test_recurring_revenue_no_coaches" time="0.120" /><testcase classname="backend.tests.test_bugs_iter57.TestRecurringRevenueFix" name="test_recurring_revenue_structure" time="0.144" /><testcase classname="backend.tests.test_bugs_iter57.TestAutoGenerateReviewsFix" name="test_no_members_have_annual_review_enabled_by_default" time="0.154" /><testcase classname="backend.tests.test_bugs_iter57.TestAutoGenerateReviewsFix" name="test_auto_generate_creates_zero_when_no_enabled_members" time="0.136" /><testcase classname="backend.tests.test_bugs_iter57.TestMemberModelFields" name="test_member_model_has_first_review_date_field" time="0.173" /><testcase classname="backend.tests.test_bugs_iter57.TestMemberModelFields" name="test_member_update_with_review_fields" time="0.160" /><testcase classname="backend.tests.test_bugs_iter57.TestReviewReminderToStaff" name="test_notifications_send_review_reminder_endpoint_exists" time="0.282" /><testcase classname="backend.tests.test_bugs_iter57.TestBillingMembersPaymentSync" name="test_billing_members_have_names" time="0.254" /><testcase classname="backend.tests.test_bugs_iter57.TestBillingMembersPaymentSync" name="test_recurring_revenue_matches_billing_members" time="0.322" /></testsuite></testsuites>