<?xml version="1.0" encoding="utf-8"?><testsuites name="pytest tests"><testsuite name="pytest" errors="0" failures="0" skipped="0" tests="16" time="2.655" timestamp="2026-03-16T17:24:02.539474+00:00" hostname="agent-env-39f47062-d002-42a1-9263-b0cb86fb6152"><testcase classname="backend.tests.test_iteration46_data_fixes.TestMemberStatsEndpoint" name="test_stats_endpoint_returns_correct_structure" time="0.225" /><testcase classname="backend.tests.test_iteration46_data_fixes.TestMemberStatsEndpoint" name="test_stats_active_members_count" time="0.129" /><testcase classname="backend.tests.test_iteration46_data_fixes.TestMemberStatsEndpoint" name="test_stats_active_coaches_count" time="0.180" /><testcase classname="backend.tests.test_iteration46_data_fixes.TestMemberStatsEndpoint" name="test_stats_departed_count" time="0.138" /><testcase classname="backend.tests.test_iteration46_data_fixes.TestMemberStatsEndpoint" name="test_stats_expired_members_count" time="0.127" /><testcase classname="backend.tests.test_iteration46_data_fixes.TestMemberStatsEndpoint" name="test_stats_total_count" time="0.134" /><testcase classname="backend.tests.test_iteration46_data_fixes.TestMembershipEndpoint" name="test_memberships_endpoint_returns_26_types" time="0.152" /><testcase classname="backend.tests.test_iteration46_data_fixes.TestMembershipEndpoint" name="test_memberships_contains_expected_types" time="0.118" /><testcase classname="backend.tests.test_iteration46_data_fixes.TestMembershipEndpoint" name="test_memberships_are_sorted" time="0.119" /><testcase classname="backend.tests.test_iteration46_data_fixes.TestMembersEndpointWithCoachField" name="test_members_have_is_coach_field" time="0.167" /><testcase classname="backend.tests.test_iteration46_data_fixes.TestMembersEndpointWithCoachField" name="test_coach_count_matches_stats" time="0.342" /><testcase classname="backend.tests.test_iteration46_data_fixes.TestCoursesEndpoint" name="test_courses_returns_20_for_jan_2026" time="0.165" /><testcase classname="backend.tests.test_iteration46_data_fixes.TestCoursesEndpoint" name="test_courses_have_attendance_rate" time="0.170" /><testcase classname="backend.tests.test_iteration46_data_fixes.TestCoursesEndpoint" name="test_courses_attendance_rate_is_reasonable" time="0.112" /><testcase classname="backend.tests.test_iteration46_data_fixes.TestMembersListFiltering" name="test_departed_members_have_exit_date" time="0.131" /><testcase classname="backend.tests.test_iteration46_data_fixes.TestMembersListFiltering" name="test_current_members_breakdown" time="0.175" /></testsuite></testsuites>