<?xml version="1.0" encoding="utf-8"?><testsuites name="pytest tests"><testsuite name="pytest" errors="0" failures="0" skipped="0" tests="8" time="2.813" timestamp="2026-03-12T22:12:54.846876+00:00" hostname="agent-env-5bcf5d0f-2cfd-44f5-af19-f95917e784be"><testcase classname="backend.tests.test_iteration26_challenge_features.TestChallengeTrainingIntegration" name="test_challenge_list_returns_checkins_goal" time="0.216" /><testcase classname="backend.tests.test_iteration26_challenge_features.TestChallengeTrainingIntegration" name="test_challenge_detail_enriches_participants_with_training_data" time="0.238" /><testcase classname="backend.tests.test_iteration26_challenge_features.TestChallengeTrainingIntegration" name="test_training_data_has_non_zero_values" time="0.240" /><testcase classname="backend.tests.test_iteration26_challenge_features.TestChallengeTrainingIntegration" name="test_challenge_update_with_checkins_goal" time="0.963" /><testcase classname="backend.tests.test_iteration26_challenge_features.TestAutoAddChallengeParticipant" name="test_create_member_with_challenge_membership_auto_adds_to_challenge" time="0.502" /><testcase classname="backend.tests.test_iteration26_challenge_features.TestMembersWithChallengeEmoji" name="test_members_have_membership_field" time="0.107" /><testcase classname="backend.tests.test_iteration26_challenge_features.TestMembersWithChallengeEmoji" name="test_challenge_member_exists_for_emoji" time="0.112" /><testcase classname="backend.tests.test_iteration26_challenge_features.TestCreateChallengeWithGoal" name="test_create_challenge_with_custom_goal" time="0.382" /></testsuite></testsuites>