<?xml version="1.0" encoding="utf-8"?><testsuites name="pytest tests"><testsuite name="pytest" errors="0" failures="0" skipped="0" tests="13" time="3.529" timestamp="2026-03-10T09:11:02.367243+00:00" hostname="agent-env-14f868a5-96e0-4cec-9194-7a3626b3eeeb"><testcase classname="backend.tests.test_iteration6.TestPDFReport" name="test_pdf_endpoint_returns_200" time="0.231" /><testcase classname="backend.tests.test_iteration6.TestPDFReport" name="test_pdf_endpoint_content_type" time="0.108" /><testcase classname="backend.tests.test_iteration6.TestPDFReport" name="test_pdf_endpoint_content_disposition" time="0.146" /><testcase classname="backend.tests.test_iteration6.TestPDFReport" name="test_pdf_endpoint_returns_valid_pdf" time="0.119" /><testcase classname="backend.tests.test_iteration6.TestPDFReport" name="test_pdf_endpoint_nonexistent_month_returns_404" time="0.108" /><testcase classname="backend.tests.test_iteration6.TestPDFReport" name="test_pdf_endpoint_size_reasonable" time="0.108" /><testcase classname="backend.tests.test_iteration6.TestPDFReport" name="test_pdf_endpoint_different_months" time="0.321" /><testcase classname="backend.tests.test_iteration6.TestRevenueExclusions" name="test_delete_revenue_transaction_creates_exclusion_with_type" time="0.442" /><testcase classname="backend.tests.test_iteration6.TestRevenueExclusions" name="test_delete_expense_transaction_creates_exclusion_with_type" time="0.444" /><testcase classname="backend.tests.test_iteration6.TestRevenueExclusions" name="test_delete_coaching_revenue_preserves_subtype" time="0.421" /><testcase classname="backend.tests.test_iteration6.TestExcludedEndpoint" name="test_get_excluded_returns_list" time="0.096" /><testcase classname="backend.tests.test_iteration6.TestExcludedEndpoint" name="test_excluded_items_have_type_field" time="0.413" /><testcase classname="backend.tests.test_iteration6.TestExcludedEndpoint" name="test_remove_from_exclusions" time="0.512" /></testsuite></testsuites>