<?xml version="1.0" encoding="utf-8"?><testsuites name="pytest tests"><testsuite name="pytest" errors="0" failures="0" skipped="0" tests="13" time="3.315" timestamp="2026-03-23T08:28:09.699461+00:00" hostname="agent-env-4e635d4b-0176-4fe5-ae1c-08049cff2ef2"><testcase classname="backend.tests.test_iteration67_all_fixes.TestBugFix1MarkPaidEndpoint" name="test_get_fresh_late_payment" time="0.650" /><testcase classname="backend.tests.test_iteration67_all_fixes.TestBugFix1MarkPaidEndpoint" name="test_mark_paid_returns_200" time="0.282" /><testcase classname="backend.tests.test_iteration67_all_fixes.TestBugFix2JohanMichelazziExcluded" name="test_johan_not_in_late_payments" time="0.172" /><testcase classname="backend.tests.test_iteration67_all_fixes.TestBugFix2JohanMichelazziExcluded" name="test_johan_member_entries_have_exit_dates" time="0.210" /><testcase classname="backend.tests.test_iteration67_all_fixes.TestBugFix3AudreyBernardBillingCycle" name="test_sync_payments_first" time="0.149" /><testcase classname="backend.tests.test_iteration67_all_fixes.TestBugFix3AudreyBernardBillingCycle" name="test_audrey_bernard_due_date" time="0.288" /><testcase classname="backend.tests.test_iteration67_all_fixes.TestImprovement4RenewalSansEngagement" name="test_get_active_member_for_renewal" time="0.173" /><testcase classname="backend.tests.test_iteration67_all_fixes.TestImprovement4RenewalSansEngagement" name="test_renew_sans_engagement" time="0.422" /><testcase classname="backend.tests.test_iteration67_all_fixes.TestImprovement5CACMarketingSpend" name="test_kpi_cac_uses_marketing_spend" time="0.113" /><testcase classname="backend.tests.test_iteration67_all_fixes.TestAPIHealthCheck" name="test_auth_endpoint" time="0.318" /><testcase classname="backend.tests.test_iteration67_all_fixes.TestAPIHealthCheck" name="test_members_endpoint" time="0.141" /><testcase classname="backend.tests.test_iteration67_all_fixes.TestAPIHealthCheck" name="test_payments_endpoint" time="0.161" /><testcase classname="backend.tests.test_iteration67_all_fixes.TestAPIHealthCheck" name="test_annual_reviews_endpoint" time="0.173" /></testsuite></testsuites>