<?xml version="1.0" encoding="utf-8"?><testsuites name="pytest tests"><testsuite name="pytest" errors="0" failures="0" skipped="0" tests="18" time="4.074" timestamp="2026-03-20T17:10:39.944918+00:00" hostname="agent-env-ca3fbb28-4aa4-4d48-a02e-96560da29807"><testcase classname="backend.tests.test_multiclub_iteration63.TestLoginResponses" name="test_super_admin_login_returns_4_club_ids" time="0.504" /><testcase classname="backend.tests.test_multiclub_iteration63.TestLoginResponses" name="test_manager_login_returns_1_club_id" time="0.340" /><testcase classname="backend.tests.test_multiclub_iteration63.TestClubsEndpoint" name="test_super_admin_sees_4_clubs" time="0.479" /><testcase classname="backend.tests.test_multiclub_iteration63.TestClubsEndpoint" name="test_manager_sees_1_club" time="0.475" /><testcase classname="backend.tests.test_multiclub_iteration63.TestMembersWithClubFilter" name="test_versoix_has_325_members" time="0.193" /><testcase classname="backend.tests.test_multiclub_iteration63.TestMembersWithClubFilter" name="test_grand_saconnex_has_0_members" time="0.136" /><testcase classname="backend.tests.test_multiclub_iteration63.TestMembersWithClubFilter" name="test_servette_has_0_members" time="0.111" /><testcase classname="backend.tests.test_multiclub_iteration63.TestMembersWithClubFilter" name="test_lausanne_has_0_members" time="0.110" /><testcase classname="backend.tests.test_multiclub_iteration63.TestKPIsWithClubFilter" name="test_versoix_has_27_kpis" time="0.148" /><testcase classname="backend.tests.test_multiclub_iteration63.TestKPIsWithClubFilter" name="test_grand_saconnex_has_0_kpis" time="0.114" /><testcase classname="backend.tests.test_multiclub_iteration63.TestClubSwitchEndpoint" name="test_super_admin_can_switch_clubs" time="0.248" /><testcase classname="backend.tests.test_multiclub_iteration63.TestClubSwitchEndpoint" name="test_manager_cannot_switch_to_other_club" time="0.177" /><testcase classname="backend.tests.test_multiclub_iteration63.TestCategoriesWithClubFilter" name="test_versoix_has_categories" time="0.123" /><testcase classname="backend.tests.test_multiclub_iteration63.TestCategoriesWithClubFilter" name="test_grand_saconnex_has_0_categories" time="0.113" /><testcase classname="backend.tests.test_multiclub_iteration63.TestTransactionsWithClubFilter" name="test_versoix_has_transactions" time="0.343" /><testcase classname="backend.tests.test_multiclub_iteration63.TestTransactionsWithClubFilter" name="test_grand_saconnex_has_0_transactions" time="0.110" /><testcase classname="backend.tests.test_multiclub_iteration63.TestMemberStatsWithClubFilter" name="test_versoix_member_stats" time="0.132" /><testcase classname="backend.tests.test_multiclub_iteration63.TestMemberStatsWithClubFilter" name="test_grand_saconnex_member_stats_empty" time="0.139" /></testsuite></testsuites>