<?xml version="1.0" encoding="utf-8"?><testsuites name="pytest tests"><testsuite name="pytest" errors="0" failures="0" skipped="0" tests="12" time="2.136" timestamp="2026-03-17T20:08:38.675818+00:00" hostname="agent-env-e44d92a8-b0bb-49b1-a497-f84f8b8dd87b"><testcase classname="tests.test_iteration54_recurring_funnel.TestRecurringTransactions" name="test_recurring_revenue_count_is_73" time="0.204" /><testcase classname="tests.test_iteration54_recurring_funnel.TestRecurringTransactions" name="test_recurring_revenue_has_member_names" time="0.179" /><testcase classname="tests.test_iteration54_recurring_funnel.TestRecurringTransactions" name="test_recurring_revenue_has_amounts" time="0.251" /><testcase classname="tests.test_iteration54_recurring_funnel.TestRecurringTransactions" name="test_recurring_revenue_total_is_16024" time="0.115" /><testcase classname="tests.test_iteration54_recurring_funnel.TestRecalculateRecurring" name="test_recalculate_active_recurrences_73" time="0.191" /><testcase classname="tests.test_iteration54_recurring_funnel.TestRecalculateRecurring" name="test_recalculate_recurring_revenue_16024" time="0.156" /><testcase classname="tests.test_iteration54_recurring_funnel.TestSalesFunnelClose" name="test_recalculate_close_greater_than_zero" time="0.171" /><testcase classname="tests.test_iteration54_recurring_funnel.TestSalesFunnelClose" name="test_recalculate_cash_collected_greater_than_zero" time="0.154" /><testcase classname="tests.test_iteration54_recurring_funnel.TestSalesFunnelClose" name="test_get_kpi_close_value" time="0.162" /><testcase classname="tests.test_iteration54_recurring_funnel.TestKPIDetails" name="test_details_endpoint_returns_200" time="0.160" /><testcase classname="tests.test_iteration54_recurring_funnel.TestKPIDetails" name="test_details_has_kpi_field" time="0.193" /><testcase classname="tests.test_iteration54_recurring_funnel.TestKPIDetails" name="test_details_recurring_revenue_has_membership_field" time="0.138" /></testsuite></testsuites>