<?xml version="1.0" encoding="utf-8"?><testsuites name="pytest tests"><testsuite name="pytest" errors="0" failures="0" skipped="0" tests="12" time="3.240" timestamp="2026-03-14T15:30:45.769766+00:00" hostname="agent-env-07150ab7-2e0d-4976-8830-dc6127650030"><testcase classname="tests.test_ghl_p0_fixes_iter32.TestGHLConfirmSaleNewFields" name="test_confirm_sale_with_signature_date" time="0.350" /><testcase classname="tests.test_ghl_p0_fixes_iter32.TestGHLConfirmSaleNewFields" name="test_confirm_sale_with_member_type" time="0.467" /><testcase classname="tests.test_ghl_p0_fixes_iter32.TestGHLConfirmSaleNewFields" name="test_confirm_sale_with_subscription_end_date" time="0.313" /><testcase classname="tests.test_ghl_p0_fixes_iter32.TestGHLConfirmSaleNewFields" name="test_confirm_sale_with_billing_enabled" time="0.321" /><testcase classname="tests.test_ghl_p0_fixes_iter32.TestGHLConfirmSaleNewFields" name="test_confirm_sale_without_billing" time="0.337" /><testcase classname="tests.test_ghl_p0_fixes_iter32.TestGHLConfirmSaleFullPayload" name="test_full_payload_creates_correct_member" time="0.364" /><testcase classname="tests.test_ghl_p0_fixes_iter32.TestMemberRenewalBilling" name="test_renewal_with_billing_update" time="0.457" /><testcase classname="tests.test_ghl_p0_fixes_iter32.TestGHLSyncAndLastSync" name="test_ghl_last_sync" time="0.102" /><testcase classname="tests.test_ghl_p0_fixes_iter32.TestGHLSyncAndLastSync" name="test_ghl_sync_history" time="0.148" /><testcase classname="tests.test_ghl_p0_fixes_iter32.TestAPIHealthChecks" name="test_root_endpoint" time="0.107" /><testcase classname="tests.test_ghl_p0_fixes_iter32.TestAPIHealthChecks" name="test_members_endpoint" time="0.104" /><testcase classname="tests.test_ghl_p0_fixes_iter32.TestAPIHealthChecks" name="test_monthly_kpis_endpoint" time="0.098" /></testsuite></testsuites>