<?xml version="1.0" encoding="utf-8"?><testsuites name="pytest tests"><testsuite name="pytest" errors="0" failures="0" skipped="0" tests="13" time="2.289" timestamp="2026-03-19T12:24:53.770859+00:00" hostname="agent-env-edf48f30-9d71-4aa1-b26a-35265795eec2"><testcase classname="backend.tests.test_iteration60_bugfixes.TestBugFix1_CarolineDuplicate" name="test_caroline_only_once_in_march" time="0.297" /><testcase classname="backend.tests.test_iteration60_bugfixes.TestBugFix2_SalairesCoachs" name="test_salaires_coach_not_exists" time="0.104" /><testcase classname="backend.tests.test_iteration60_bugfixes.TestBugFix2_SalairesCoachs" name="test_salaires_coachs_exists" time="0.116" /><testcase classname="backend.tests.test_iteration60_bugfixes.TestBugFix2_SalairesCoachs" name="test_march_transactions_use_salaires_coachs" time="0.175" /><testcase classname="backend.tests.test_iteration60_bugfixes.TestBugFix3_RecurringRevenueCount" name="test_recurring_revenue_count_84" time="0.116" /><testcase classname="backend.tests.test_iteration60_bugfixes.TestBugFix3_RecurringRevenueCount" name="test_recurring_expense_count_9" time="0.124" /><testcase classname="backend.tests.test_iteration60_bugfixes.TestBugFix4_CashCollected" name="test_funnel_cash_300" time="0.160" /><testcase classname="backend.tests.test_iteration60_bugfixes.TestBugFix5and6_Bilans" name="test_upcoming_reviews_60_days" time="0.152" /><testcase classname="backend.tests.test_iteration60_bugfixes.TestBugFix5and6_Bilans" name="test_overdue_reviews" time="0.109" /><testcase classname="backend.tests.test_iteration60_bugfixes.TestBugFix7_RecurringAllEndpoint" name="test_recurring_all_endpoint" time="0.139" /><testcase classname="backend.tests.test_iteration60_bugfixes.TestBugFix7_RecurringAllEndpoint" name="test_recurring_sources_present" time="0.099" /><testcase classname="backend.tests.test_iteration60_bugfixes.TestBugFix8_RecurringToggleOnTransaction" name="test_create_recurring_transaction" time="0.500" /><testcase classname="backend.tests.test_iteration60_bugfixes.TestKPIDataIntegrity" name="test_march_kpi_totals" time="0.132" /></testsuite></testsuites>