<?xml version="1.0" encoding="utf-8"?><testsuites name="pytest tests"><testsuite name="pytest" errors="0" failures="0" skipped="0" tests="12" time="3.153" timestamp="2026-03-14T18:03:41.060013+00:00" hostname="agent-env-31148b89-c0ec-4675-bd68-7c4b4abb11fd"><testcase classname="backend.tests.test_settings_types.TestMembershipTypesAPI" name="test_get_membership_types_returns_list" time="0.152" /><testcase classname="backend.tests.test_settings_types.TestMembershipTypesAPI" name="test_get_active_membership_types" time="0.149" /><testcase classname="backend.tests.test_settings_types.TestMembershipTypesAPI" name="test_membership_types_have_required_fields" time="0.164" /><testcase classname="backend.tests.test_settings_types.TestMembershipTypesAPI" name="test_expected_membership_types_exist" time="0.128" /><testcase classname="backend.tests.test_settings_types.TestMembershipTypesAPI" name="test_membership_types_have_duration_info" time="0.097" /><testcase classname="backend.tests.test_settings_types.TestMemberTypesAPI" name="test_get_member_types_returns_list" time="0.123" /><testcase classname="backend.tests.test_settings_types.TestMemberTypesAPI" name="test_get_active_member_types" time="0.165" /><testcase classname="backend.tests.test_settings_types.TestMemberTypesAPI" name="test_expected_member_types_exist" time="0.104" /><testcase classname="backend.tests.test_settings_types.TestMembershipTypeCRUD" name="test_create_membership_type" time="0.427" /><testcase classname="backend.tests.test_settings_types.TestMembershipTypeCRUD" name="test_update_membership_type" time="0.644" /><testcase classname="backend.tests.test_settings_types.TestMembershipTypeCRUD" name="test_delete_membership_type" time="0.487" /><testcase classname="backend.tests.test_settings_types.TestMemberTypeCRUD" name="test_create_member_type" time="0.445" /></testsuite></testsuites>