<?xml version="1.0" encoding="utf-8"?><testsuites name="pytest tests"><testsuite name="pytest" errors="0" failures="0" skipped="0" tests="9" time="4.622" timestamp="2026-03-14T18:14:25.553411+00:00" hostname="agent-env-31148b89-c0ec-4675-bd68-7c4b4abb11fd"><testcase classname="tests.test_iteration35_bilans_salary.TestAutoGenerateBilans" name="test_auto_generate_bilans_endpoint_returns_200" time="0.195" /><testcase classname="tests.test_iteration35_bilans_salary.TestCourseCreation" name="test_create_course_with_instructor_field" time="0.433" /><testcase classname="tests.test_iteration35_bilans_salary.TestCourseCreation" name="test_course_instructor_is_not_instructor_name" time="0.277" /><testcase classname="tests.test_iteration35_bilans_salary.TestSalaryGeneration" name="test_salary_generation_with_instructor_field" time="0.712" /><testcase classname="tests.test_iteration35_bilans_salary.TestSalaryGeneration" name="test_salary_generation_no_courses_returns_404" time="0.241" /><testcase classname="tests.test_iteration35_bilans_salary.TestCoachesAPI" name="test_get_coaches" time="0.110" /><testcase classname="tests.test_iteration35_bilans_salary.TestCoachesAPI" name="test_create_coach_with_hourly_rate" time="0.212" /><testcase classname="tests.test_iteration35_bilans_salary.TestAnnualReviewsEndpoints" name="test_get_annual_reviews" time="0.123" /><testcase classname="tests.test_iteration35_bilans_salary.TestAnnualReviewsEndpoints" name="test_get_upcoming_reviews" time="2.240" /></testsuite></testsuites>