<?xml version="1.0" encoding="utf-8"?><testsuites name="pytest tests"><testsuite name="pytest" errors="0" failures="0" skipped="0" tests="6" time="0.830" timestamp="2026-03-16T12:02:21.244406+00:00" hostname="agent-env-6eb44d11-8953-41d5-a36e-40813bb9db62"><testcase classname="backend.tests.test_iteration42_funnel_fixes.TestSalesFunnelPercentages" name="test_march_2026_funnel_percentages" time="0.207" /><testcase classname="backend.tests.test_iteration42_funnel_fixes.TestSalesFunnelPercentages" name="test_jan_2026_funnel_high_calls" time="0.115" /><testcase classname="backend.tests.test_iteration42_funnel_fixes.TestProfitMarginValues" name="test_march_2026_extreme_profit_margin" time="0.111" /><testcase classname="backend.tests.test_iteration42_funnel_fixes.TestProfitMarginValues" name="test_profit_margin_calculation" time="0.106" /><testcase classname="backend.tests.test_iteration42_funnel_fixes.TestAPIResponseStructure" name="test_monthly_kpi_has_funnel_fields" time="0.113" /><testcase classname="backend.tests.test_iteration42_funnel_fixes.TestAPIResponseStructure" name="test_monthly_kpi_has_member_fields" time="0.119" /></testsuite></testsuites>