<?xml version="1.0" encoding="utf-8"?><testsuites name="pytest tests"><testsuite name="pytest" errors="0" failures="0" skipped="0" tests="12" time="3.088" timestamp="2026-03-16T16:43:41.830618+00:00" hostname="agent-env-e9e66705-f85f-4306-8f61-22cd93bfba61"><testcase classname="backend.tests.test_iteration45_six_features.TestMembersIsCoachField" name="test_members_endpoint_returns_is_coach" time="0.192" /><testcase classname="backend.tests.test_iteration45_six_features.TestMembersIsCoachField" name="test_coach_memberships_detected" time="0.161" /><testcase classname="backend.tests.test_iteration45_six_features.TestTransactionEditEndpoint" name="test_get_transactions_for_editing" time="0.169" /><testcase classname="backend.tests.test_iteration45_six_features.TestTransactionEditEndpoint" name="test_update_transaction_amount" time="0.650" /><testcase classname="backend.tests.test_iteration45_six_features.TestTransactionEditEndpoint" name="test_update_transaction_client_name" time="0.440" /><testcase classname="backend.tests.test_iteration45_six_features.TestTransactionEditEndpoint" name="test_update_transaction_description" time="0.433" /><testcase classname="backend.tests.test_iteration45_six_features.TestTransactionEditEndpoint" name="test_update_nonexistent_transaction" time="0.130" /><testcase classname="backend.tests.test_iteration45_six_features.TestMembersCategories" name="test_coaches_count" time="0.188" /><testcase classname="backend.tests.test_iteration45_six_features.TestMembersCategories" name="test_expired_members_detection" time="0.150" /><testcase classname="backend.tests.test_iteration45_six_features.TestMembersCategories" name="test_active_members_exclude_coaches" time="0.158" /><testcase classname="backend.tests.test_iteration45_six_features.TestTransactionsClientName" name="test_transactions_have_client_name" time="0.179" /><testcase classname="backend.tests.test_iteration45_six_features.TestCategoriesEndpoint" name="test_get_categories" time="0.180" /></testsuite></testsuites>