<?xml version="1.0" encoding="utf-8"?><testsuites name="pytest tests"><testsuite name="pytest" errors="0" failures="0" skipped="0" tests="9" time="4.421" timestamp="2026-03-21T16:17:11.438323+00:00" hostname="agent-env-4e635d4b-0176-4fe5-ae1c-08049cff2ef2"><testcase classname="backend.tests.test_iteration65_franchise_bugs.TestFranchiseDashboardBugFixes" name="test_members_coaches_separated_in_totals" time="0.703" /><testcase classname="backend.tests.test_iteration65_franchise_bugs.TestFranchiseDashboardBugFixes" name="test_members_coaches_separated_per_club" time="0.455" /><testcase classname="backend.tests.test_iteration65_franchise_bugs.TestFranchiseDashboardBugFixes" name="test_roas_calculation_correct" time="0.440" /><testcase classname="backend.tests.test_iteration65_franchise_bugs.TestFranchiseDashboardBugFixes" name="test_meta_impressions_present" time="0.439" /><testcase classname="backend.tests.test_iteration65_franchise_bugs.TestFranchiseDashboardBugFixes" name="test_meta_clicks_present" time="0.437" /><testcase classname="backend.tests.test_iteration65_franchise_bugs.TestFranchiseDashboardBugFixes" name="test_meta_cpc_present" time="0.505" /><testcase classname="backend.tests.test_iteration65_franchise_bugs.TestFranchiseDashboardBugFixes" name="test_meta_metrics_per_club" time="0.480" /><testcase classname="backend.tests.test_iteration65_franchise_bugs.TestFranchiseDashboardBugFixes" name="test_empty_clubs_have_zero_values" time="0.446" /><testcase classname="backend.tests.test_iteration65_franchise_bugs.TestFranchiseDashboardBugFixes" name="test_dashboard_returns_4_clubs" time="0.453" /></testsuite></testsuites>