<?xml version="1.0" encoding="utf-8"?><testsuites name="pytest tests"><testsuite name="pytest" errors="0" failures="0" skipped="0" tests="8" time="5.854" timestamp="2026-03-13T19:30:17.427976+00:00" hostname="agent-env-e646f235-2fbc-4ad7-983b-718bc3ebe648"><testcase classname="tests.test_ghl_integration_iter29.TestGHLSync" name="test_sync_returns_success_with_funnel_data" time="3.772" /><testcase classname="tests.test_ghl_integration_iter29.TestGHLLastSync" name="test_last_sync_returns_successful_sync_with_data" time="0.161" /><testcase classname="tests.test_ghl_integration_iter29.TestGHLConfirmSale" name="test_confirm_sale_with_full_payload" time="0.132" /><testcase classname="tests.test_ghl_integration_iter29.TestGHLConfirmSale" name="test_confirm_sale_with_different_subscription_types" time="0.997" /><testcase classname="tests.test_ghl_integration_iter29.TestGHLConfirmSale" name="test_confirm_sale_requires_opportunity_id" time="0.139" /><testcase classname="tests.test_ghl_integration_iter29.TestGHLSales" name="test_get_sales_for_march_2026" time="0.176" /><testcase classname="tests.test_ghl_integration_iter29.TestGHLSales" name="test_create_and_retrieve_sale" time="0.258" /><testcase classname="tests.test_ghl_integration_iter29.TestConversionRates" name="test_funnel_data_supports_conversion_calculations" time="0.159" /></testsuite></testsuites>