<?xml version="1.0" encoding="utf-8"?><testsuites name="pytest tests"><testsuite name="pytest" errors="0" failures="0" skipped="0" tests="12" time="2.120" timestamp="2026-03-16T20:29:15.081837+00:00" hostname="agent-env-e44d92a8-b0bb-49b1-a497-f84f8b8dd87b"><testcase classname="backend.tests.test_iteration50_features.TestAutoGenerateReviews" name="test_auto_generate_returns_correct_structure" time="0.191" /><testcase classname="backend.tests.test_iteration50_features.TestChurnCalculation" name="test_monthly_kpis_have_churn_data" time="0.168" /><testcase classname="backend.tests.test_iteration50_features.TestChurnCalculation" name="test_march_2026_has_churn" time="0.135" /><testcase classname="backend.tests.test_iteration50_features.TestChurnCalculation" name="test_churn_calculation_formula" time="0.148" /><testcase classname="backend.tests.test_iteration50_features.TestDuoMembers" name="test_duo_members_exist" time="0.223" /><testcase classname="backend.tests.test_iteration50_features.TestDuoMembers" name="test_duo_members_have_correct_flags" time="0.175" /><testcase classname="backend.tests.test_iteration50_features.TestDuoMembers" name="test_duo_member_has_subscription_group" time="0.190" /><testcase classname="backend.tests.test_iteration50_features.TestAnnualReviewsEndpoints" name="test_get_all_reviews" time="0.149" /><testcase classname="backend.tests.test_iteration50_features.TestAnnualReviewsEndpoints" name="test_get_upcoming_reviews" time="0.181" /><testcase classname="backend.tests.test_iteration50_features.TestMemberStatsEndpoint" name="test_member_stats_endpoint" time="0.157" /><testcase classname="backend.tests.test_iteration50_features.TestMemberExitDates" name="test_members_with_exit_dates_exist" time="0.175" /><testcase classname="backend.tests.test_iteration50_features.TestMemberExitDates" name="test_march_2026_exits" time="0.163" /></testsuite></testsuites>