<?xml version="1.0" encoding="utf-8"?><testsuites name="pytest tests"><testsuite name="pytest" errors="0" failures="0" skipped="0" tests="11" time="2.195" timestamp="2026-03-18T17:47:39.259580+00:00" hostname="agent-env-977a7db0-3a78-4e75-8aea-1963e794ebf0"><testcase classname="backend.tests.test_bugs_iter56.TestBug1DuoPartner" name="test_zaharna_duo_pair_exists" time="0.211" /><testcase classname="backend.tests.test_bugs_iter56.TestBug2DankovaVisibility" name="test_dankova_exists_in_members" time="0.190" /><testcase classname="backend.tests.test_bugs_iter56.TestBug2DankovaVisibility" name="test_dankova_shows_in_expired_view" time="0.163" /><testcase classname="backend.tests.test_bugs_iter56.TestBug3CarolineRevenue" name="test_caroline_transaction_in_revenue" time="0.330" /><testcase classname="backend.tests.test_bugs_iter56.TestBug4CoachesBlockedFromAttendance" name="test_coaches_have_is_coach_flag" time="0.165" /><testcase classname="backend.tests.test_bugs_iter56.TestBug4CoachesBlockedFromAttendance" name="test_attendance_filter_excludes_coaches" time="0.189" /><testcase classname="backend.tests.test_bugs_iter56.TestBug5ExpiredMembersKPI" name="test_kpi_clients_filter_excludes_departed" time="0.162" /><testcase classname="backend.tests.test_bugs_iter56.TestBug5ExpiredMembersKPI" name="test_kpi_clients_filter_excludes_coaches" time="0.189" /><testcase classname="backend.tests.test_bugs_iter56.TestBug6RenewalDurationDeduplication" name="test_membership_types_have_duration_info" time="0.128" /><testcase classname="backend.tests.test_bugs_iter56.TestMembersEndpoint" name="test_members_list_returns_data" time="0.209" /><testcase classname="backend.tests.test_bugs_iter56.TestMembersEndpoint" name="test_member_has_required_fields" time="0.192" /></testsuite></testsuites>