<?xml version="1.0" encoding="utf-8"?><testsuites name="pytest tests"><testsuite name="pytest" errors="0" failures="0" skipped="0" tests="12" time="2.779" timestamp="2026-03-15T17:34:41.908228+00:00" hostname="agent-env-31148b89-c0ec-4675-bd68-7c4b4abb11fd"><testcase classname="backend.tests.test_iteration37_features.TestLatePaymentsBadge" name="test_get_late_payments_endpoint_exists" time="0.185" /><testcase classname="backend.tests.test_iteration37_features.TestLatePaymentsBadge" name="test_late_payments_count_is_2" time="0.150" /><testcase classname="backend.tests.test_iteration37_features.TestLatePaymentsBadge" name="test_late_payments_have_required_fields" time="0.167" /><testcase classname="backend.tests.test_iteration37_features.TestChallengeCarolineMaerten" name="test_get_challenge_participants" time="0.226" /><testcase classname="backend.tests.test_iteration37_features.TestChallengeCarolineMaerten" name="test_caroline_maerten_has_zero_trainings" time="0.243" /><testcase classname="backend.tests.test_iteration37_features.TestChallengeCarolineMaerten" name="test_challenge_stats_s1_should_show_5_participants" time="0.246" /><testcase classname="backend.tests.test_iteration37_features.TestGHLSaleAccountingTransaction" name="test_confirm_sale_creates_accounting_transaction" time="0.597" /><testcase classname="backend.tests.test_iteration37_features.TestReplaceCoachPerWeek" name="test_course_week_instructor_fields_exist" time="0.108" /><testcase classname="backend.tests.test_iteration37_features.TestReplaceCoachPerWeek" name="test_update_course_week_instructor" time="0.451" /><testcase classname="backend.tests.test_iteration37_features.TestReplaceCoachPerWeek" name="test_get_coaches_for_dropdown" time="0.118" /><testcase classname="backend.tests.test_iteration37_features.TestBackendPaymentsAPI" name="test_payments_endpoint" time="0.104" /><testcase classname="backend.tests.test_iteration37_features.TestBackendPaymentsAPI" name="test_late_payments_status_is_late" time="0.119" /></testsuite></testsuites>