<?xml version="1.0" encoding="utf-8"?><testsuites name="pytest tests"><testsuite name="pytest" errors="0" failures="0" skipped="0" tests="11" time="2.729" timestamp="2026-03-15T17:16:00.233945+00:00" hostname="agent-env-31148b89-c0ec-4675-bd68-7c4b4abb11fd"><testcase classname="backend.tests.test_iteration36_bulk_course.TestBulkCourseCreation" name="test_bulk_endpoint_exists" time="0.254" /><testcase classname="backend.tests.test_iteration36_bulk_course.TestBulkCourseCreation" name="test_bulk_create_multiple_courses" time="0.462" /><testcase classname="backend.tests.test_iteration36_bulk_course.TestBulkCourseCreation" name="test_bulk_courses_persisted" time="0.417" /><testcase classname="backend.tests.test_iteration36_bulk_course.TestSalaryGeneration" name="test_salary_generation_endpoint" time="0.114" /><testcase classname="backend.tests.test_iteration36_bulk_course.TestSalaryGeneration" name="test_salary_generation_for_antoine" time="0.166" /><testcase classname="backend.tests.test_iteration36_bulk_course.TestSalaryGeneration" name="test_auto_sync_salary_on_attendance_change" time="0.508" /><testcase classname="backend.tests.test_iteration36_bulk_course.TestSalaryGeneration" name="test_salary_transactions_appear" time="0.258" /><testcase classname="backend.tests.test_iteration36_bulk_course.TestCoachesAndInstructors" name="test_coaches_endpoint_returns_antoine" time="0.107" /><testcase classname="backend.tests.test_iteration36_bulk_course.TestCoachesAndInstructors" name="test_instructors_endpoint" time="0.124" /><testcase classname="backend.tests.test_iteration36_bulk_course.TestYearSelector" name="test_courses_2026_accessible" time="0.121" /><testcase classname="backend.tests.test_iteration36_bulk_course.TestYearSelector" name="test_courses_summary_2026" time="0.131" /></testsuite></testsuites>