<?xml version="1.0" encoding="utf-8"?><testsuites name="pytest tests"><testsuite name="pytest" errors="0" failures="0" skipped="0" tests="18" time="5.481" timestamp="2026-03-10T19:45:08.087759+00:00" hostname="agent-env-42e3cee8-bf35-4698-a809-333d0c2603dc"><testcase classname="backend.tests.test_iteration11_phase3_4.TestPhase3ChallengeTypes" name="test_create_fixed_challenge_with_checkins_goal" time="0.394" /><testcase classname="backend.tests.test_iteration11_phase3_4.TestPhase3ChallengeTypes" name="test_create_personal_challenge" time="0.148" /><testcase classname="backend.tests.test_iteration11_phase3_4.TestPhase3ChallengeTypes" name="test_get_challenges_returns_type_and_goal" time="0.200" /><testcase classname="backend.tests.test_iteration11_phase3_4.TestPhase3PersonalParticipants" name="test_add_participant_with_personal_dates" time="0.447" /><testcase classname="backend.tests.test_iteration11_phase3_4.TestPhase3WeeklyCheckins" name="test_update_weekly_checkins_counter" time="0.332" /><testcase classname="backend.tests.test_iteration11_phase3_4.TestPhase3WeeklyCheckins" name="test_update_multiple_week_checkins" time="0.359" /><testcase classname="backend.tests.test_iteration11_phase3_4.TestPhase3WeeklyCheckins" name="test_checkins_bounded_0_to_7" time="0.437" /><testcase classname="backend.tests.test_iteration11_phase3_4.TestPhase3WeeklyCheckins" name="test_toggle_week_boolean" time="0.545" /><testcase classname="backend.tests.test_iteration11_phase3_4.TestPhase3ChallengeDelete" name="test_delete_challenge_removes_participants" time="0.404" /><testcase classname="backend.tests.test_iteration11_phase3_4.TestPhase4ReviewTypes" name="test_create_review_with_monthly_type" time="0.114" /><testcase classname="backend.tests.test_iteration11_phase3_4.TestPhase4ReviewTypes" name="test_create_review_with_quarterly_type" time="0.122" /><testcase classname="backend.tests.test_iteration11_phase3_4.TestPhase4ReviewTypes" name="test_create_review_with_semi_annually_type" time="0.138" /><testcase classname="backend.tests.test_iteration11_phase3_4.TestPhase4ReviewTypes" name="test_filter_reviews_by_type" time="0.427" /><testcase classname="backend.tests.test_iteration11_phase3_4.TestPhase4ReviewTypes" name="test_get_reviews_returns_review_type_field" time="0.055" /><testcase classname="backend.tests.test_iteration11_phase3_4.TestPhase4MemberReviewFrequency" name="test_create_member_with_review_frequency_monthly" time="0.134" /><testcase classname="backend.tests.test_iteration11_phase3_4.TestPhase4MemberReviewFrequency" name="test_create_member_with_review_frequency_quarterly" time="0.128" /><testcase classname="backend.tests.test_iteration11_phase3_4.TestPhase4MemberReviewFrequency" name="test_member_review_frequency_values" time="0.494" /><testcase classname="backend.tests.test_iteration11_phase3_4.TestIntegration" name="test_full_challenge_workflow_personal" time="0.460" /></testsuite></testsuites>