<?xml version="1.0" encoding="utf-8"?><testsuites name="pytest tests"><testsuite name="pytest" errors="0" failures="0" skipped="0" tests="22" time="43.746" timestamp="2026-03-10T10:01:33.898876+00:00" hostname="agent-env-f00f18c1-9586-41d2-b75f-24708b55492d"><testcase classname="tests.test_iteration8_new_features.TestMembersCRUD" name="test_get_members_list" time="0.385" /><testcase classname="tests.test_iteration8_new_features.TestMembersCRUD" name="test_get_expiring_members" time="0.200" /><testcase classname="tests.test_iteration8_new_features.TestMembersCRUD" name="test_create_member" time="0.403" /><testcase classname="tests.test_iteration8_new_features.TestMembersCRUD" name="test_update_member" time="0.555" /><testcase classname="tests.test_iteration8_new_features.TestMembersCRUD" name="test_delete_member" time="0.441" /><testcase classname="tests.test_iteration8_new_features.TestMembersCRUD" name="test_renew_member_subscription" time="0.532" /><testcase classname="tests.test_iteration8_new_features.TestChallengesCRUD" name="test_get_challenges_list" time="0.209" /><testcase classname="tests.test_iteration8_new_features.TestChallengesCRUD" name="test_get_challenge_detail" time="0.307" /><testcase classname="tests.test_iteration8_new_features.TestChallengesCRUD" name="test_create_challenge" time="0.310" /><testcase classname="tests.test_iteration8_new_features.TestChallengesCRUD" name="test_add_participant_to_challenge" time="0.612" /><testcase classname="tests.test_iteration8_new_features.TestChallengesCRUD" name="test_update_participant_checkins" time="0.621" /><testcase classname="tests.test_iteration8_new_features.TestCoursesCRUD" name="test_get_courses_list" time="0.208" /><testcase classname="tests.test_iteration8_new_features.TestCoursesCRUD" name="test_get_courses_summary" time="0.212" /><testcase classname="tests.test_iteration8_new_features.TestCoursesCRUD" name="test_create_course" time="0.348" /><testcase classname="tests.test_iteration8_new_features.TestCoursesCRUD" name="test_update_course_attendance" time="0.405" /><testcase classname="tests.test_iteration8_new_features.TestCoursesCRUD" name="test_delete_course" time="0.424" /><testcase classname="tests.test_iteration8_new_features.TestTrainingsClientKPI" name="test_get_trainings_list" time="0.121" /><testcase classname="tests.test_iteration8_new_features.TestTrainingsClientKPI" name="test_create_or_update_training" time="36.432" /><testcase classname="tests.test_iteration8_new_features.TestTrainingsClientKPI" name="test_get_training_summary" time="0.281" /><testcase classname="tests.test_iteration8_new_features.TestInstructorsCRUD" name="test_get_instructors_list" time="0.105" /><testcase classname="tests.test_iteration8_new_features.TestInstructorsCRUD" name="test_get_active_instructors_only" time="0.110" /><testcase classname="tests.test_iteration8_new_features.TestSeedData" name="test_seed_data_exists" time="0.427" /></testsuite></testsuites>