<?xml version="1.0" encoding="utf-8"?><testsuites name="pytest tests"><testsuite name="pytest" errors="0" failures="0" skipped="0" tests="16" time="15.785" timestamp="2026-03-14T15:00:19.825653+00:00" hostname="agent-env-e646f235-2fbc-4ad7-983b-718bc3ebe648"><testcase classname="tests.test_ghl_bugfixes_iter31.TestCarolineMaertenData" name="test_caroline_has_email" time="0.148" /><testcase classname="tests.test_ghl_bugfixes_iter31.TestCarolineMaertenData" name="test_caroline_has_phone" time="0.116" /><testcase classname="tests.test_ghl_bugfixes_iter31.TestKPI202603" name="test_kpi_total_revenue" time="0.155" /><testcase classname="tests.test_ghl_bugfixes_iter31.TestKPI202603" name="test_kpi_active_members" time="0.109" /><testcase classname="tests.test_ghl_bugfixes_iter31.TestKPI202603" name="test_kpi_pif_members" time="0.139" /><testcase classname="tests.test_ghl_bugfixes_iter31.TestKPI202603" name="test_kpi_new_members" time="0.108" /><testcase classname="tests.test_ghl_bugfixes_iter31.TestKPI202603" name="test_kpi_cash_collected" time="0.121" /><testcase classname="tests.test_ghl_bugfixes_iter31.TestGHLSync" name="test_sync_endpoint_works" time="4.051" /><testcase classname="tests.test_ghl_bugfixes_iter31.TestGHLSync" name="test_sync_returns_kpi_month" time="3.393" /><testcase classname="tests.test_ghl_bugfixes_iter31.TestGHLSync" name="test_sync_returns_funnel_data" time="3.279" /><testcase classname="tests.test_ghl_bugfixes_iter31.TestGHLSync" name="test_sync_updates_kpi_active_members" time="3.394" /><testcase classname="tests.test_ghl_bugfixes_iter31.TestGHLLastSync" name="test_last_sync_returns_funnel_opportunities" time="0.134" /><testcase classname="tests.test_ghl_bugfixes_iter31.TestGHLConfirmSaleDuplicatePrevention" name="test_confirm_sale_returns_existing_for_duplicate" time="0.236" /><testcase classname="tests.test_ghl_bugfixes_iter31.TestHealthAndAPIs" name="test_members_endpoint" time="0.105" /><testcase classname="tests.test_ghl_bugfixes_iter31.TestHealthAndAPIs" name="test_monthly_kpis_endpoint" time="0.113" /><testcase classname="tests.test_ghl_bugfixes_iter31.TestHealthAndAPIs" name="test_ghl_sales_endpoint" time="0.114" /></testsuite></testsuites>