<?xml version="1.0" encoding="utf-8"?><testsuites name="pytest tests"><testsuite name="pytest" errors="0" failures="0" skipped="0" tests="24" time="14.546" timestamp="2026-04-22T14:18:37.637655+00:00" hostname="agent-env-fab6af46-849e-4cb8-8e94-e7ac928354d9"><testcase classname="tests.test_iteration72_sprint_b_filters.TestTypeCGuards" name="test_post_payment_blocks_archived" time="0.815" /><testcase classname="tests.test_iteration72_sprint_b_filters.TestTypeCGuards" name="test_post_payment_allows_active" time="0.238" /><testcase classname="tests.test_iteration72_sprint_b_filters.TestTypeCGuards" name="test_post_followup_blocks_archived" time="0.113" /><testcase classname="tests.test_iteration72_sprint_b_filters.TestTypeCGuards" name="test_post_annual_review_blocks_archived" time="0.112" /><testcase classname="tests.test_iteration72_sprint_b_filters.TestTypeCGuards" name="test_post_challenge_participant_blocks_archived" time="0.268" /><testcase classname="tests.test_iteration72_sprint_b_filters.TestMarkPaidWarnings" name="test_mark_paid_returns_warning_when_archived" time="0.622" /><testcase classname="tests.test_iteration72_sprint_b_filters.TestTypeBSilentFilters" name="test_get_payments_excludes_archived" time="0.808" /><testcase classname="tests.test_iteration72_sprint_b_filters.TestTypeBSilentFilters" name="test_get_payments_late_excludes_archived" time="0.157" /><testcase classname="tests.test_iteration72_sprint_b_filters.TestTypeBSilentFilters" name="test_get_payments_upcoming_excludes_archived" time="0.169" /><testcase classname="tests.test_iteration72_sprint_b_filters.TestTypeBSilentFilters" name="test_get_followups_excludes_archived" time="0.121" /><testcase classname="tests.test_iteration72_sprint_b_filters.TestTypeBSilentFilters" name="test_get_followups_upcoming_excludes_archived" time="0.110" /><testcase classname="tests.test_iteration72_sprint_b_filters.TestTypeBSilentFilters" name="test_get_followups_missed_excludes_archived" time="0.124" /><testcase classname="tests.test_iteration72_sprint_b_filters.TestTypeBSilentFilters" name="test_get_annual_reviews_excludes_archived" time="0.217" /><testcase classname="tests.test_iteration72_sprint_b_filters.TestTypeBSilentFilters" name="test_get_annual_reviews_upcoming_excludes_archived" time="0.112" /><testcase classname="tests.test_iteration72_sprint_b_filters.TestTypeBSilentFilters" name="test_get_annual_reviews_overdue_excludes_archived" time="0.151" /><testcase classname="tests.test_iteration72_sprint_b_filters.TestTypeBSilentFilters" name="test_annual_reviews_stats_excludes_archived" time="0.123" /><testcase classname="tests.test_iteration72_sprint_b_filters.TestTypeBSilentFilters" name="test_annual_reviews_dashboard_alerts_excludes_archived" time="0.190" /><testcase classname="tests.test_iteration72_sprint_b_filters.TestBulkGenerationFilters" name="test_payments_generate_skips_archived" time="0.380" /><testcase classname="tests.test_iteration72_sprint_b_filters.TestBulkGenerationFilters" name="test_notifications_send_bulk_payment_skips_archived" time="7.603" /><testcase classname="tests.test_iteration72_sprint_b_filters.TestBulkGenerationFilters" name="test_notifications_send_bulk_review_skips_archived" time="0.465" /><testcase classname="tests.test_iteration72_sprint_b_filters.TestBulkGenerationFilters" name="test_annual_reviews_auto_generate_skips_archived" time="0.139" /><testcase classname="tests.test_iteration72_sprint_b_filters.TestSoftDelete" name="test_delete_member_soft_deletes" time="0.495" /><testcase classname="tests.test_iteration72_sprint_b_filters.TestSoftDelete" name="test_delete_coach_soft_deletes" time="0.538" /><testcase classname="tests.test_iteration72_sprint_b_filters.TestRegression" name="test_create_archive_restore_flow" time="0.379" /></testsuite></testsuites>