<?xml version="1.0" encoding="utf-8"?><testsuites name="pytest tests"><testsuite name="pytest" errors="0" failures="0" skipped="0" tests="9" time="4.321" timestamp="2026-03-23T13:34:15.694133+00:00" hostname="agent-env-a9c1e348-2de0-4d1b-b075-83122b4b7ed5"><testcase classname="backend.tests.test_iteration68_skip_onboarding.TestSkipOnboardingFeature" name="test_01_get_pending_onboarding_returns_list" time="0.604" /><testcase classname="backend.tests.test_iteration68_skip_onboarding.TestSkipOnboardingFeature" name="test_02_pending_excludes_coaches_and_ifrc" time="0.464" /><testcase classname="backend.tests.test_iteration68_skip_onboarding.TestSkipOnboardingFeature" name="test_03_pending_excludes_completed_onboarding" time="0.454" /><testcase classname="backend.tests.test_iteration68_skip_onboarding.TestSkipOnboardingFeature" name="test_04_pending_excludes_skipped_onboarding" time="0.446" /><testcase classname="backend.tests.test_iteration68_skip_onboarding.TestSkipOnboardingFeature" name="test_05_skip_onboarding_endpoint_exists" time="0.481" /><testcase classname="backend.tests.test_iteration68_skip_onboarding.TestSkipOnboardingFeature" name="test_06_skipped_member_removed_from_pending" time="0.501" /><testcase classname="backend.tests.test_iteration68_skip_onboarding.TestSkipOnboardingFeature" name="test_07_skip_with_reason" time="0.455" /><testcase classname="backend.tests.test_iteration68_skip_onboarding.TestSkipOnboardingFeature" name="test_08_skip_without_reason" time="0.420" /><testcase classname="backend.tests.test_iteration68_skip_onboarding.TestSkipOnboardingFeature" name="test_09_skip_nonexistent_member_returns_404" time="0.434" /></testsuite></testsuites>