<?xml version="1.0" encoding="utf-8"?><testsuites name="pytest tests"><testsuite name="pytest" errors="0" failures="1" skipped="0" tests="7" time="1.746" timestamp="2026-03-15T17:48:20.383056+00:00" hostname="agent-env-31148b89-c0ec-4675-bd68-7c4b4abb11fd"><testcase classname="tests.test_iteration38_badges_ghl.TestAnnualReviewsEndpoints" name="test_get_overdue_reviews" time="0.228" /><testcase classname="tests.test_iteration38_badges_ghl.TestAnnualReviewsEndpoints" name="test_get_upcoming_reviews" time="0.128" /><testcase classname="tests.test_iteration38_badges_ghl.TestSidebarBadgeCounts" name="test_late_payments_endpoint" time="0.143" /><testcase classname="tests.test_iteration38_badges_ghl.TestSidebarBadgeCounts" name="test_pending_onboarding_endpoint" time="0.160" /><testcase classname="tests.test_iteration38_badges_ghl.TestGHLSaleTransactionType" name="test_ghl_confirm_sale_creates_revenue_transaction" time="0.661" /><testcase classname="tests.test_iteration38_badges_ghl.TestTransactionsPageCards" name="test_get_transactions_endpoint" time="0.117" /><testcase classname="tests.test_iteration38_badges_ghl.TestCarolineChallengeObjective" name="test_challenge_participants" time="0.227"><failure message="assert 405 == 200&#10; +  where 405 = &lt;Response [405]&gt;.status_code">tests/test_iteration38_badges_ghl.py:170: in test_challenge_participants
    assert participants_response.status_code == 200
E   assert 405 == 200
E    +  where 405 = &lt;Response [405]&gt;.status_code</failure></testcase></testsuite></testsuites>