<?xml version="1.0" encoding="utf-8"?><testsuites name="pytest tests"><testsuite name="pytest" errors="0" failures="0" skipped="0" tests="14" time="3.113" timestamp="2026-03-16T11:42:24.104956+00:00" hostname="agent-env-6eb44d11-8953-41d5-a36e-40813bb9db62"><testcase classname="backend.tests.test_iteration41_features.TestRecurringValidations" name="test_get_recurring_validations_empty" time="0.230" /><testcase classname="backend.tests.test_iteration41_features.TestRecurringValidations" name="test_get_recurring_transactions_for_validation" time="0.170" /><testcase classname="backend.tests.test_iteration41_features.TestRecurringValidations" name="test_create_recurring_validation" time="0.214" /><testcase classname="backend.tests.test_iteration41_features.TestRecurringValidations" name="test_get_recurring_validations_for_month" time="0.109" /><testcase classname="backend.tests.test_iteration41_features.TestRecurringValidations" name="test_delete_recurring_validation" time="0.213" /><testcase classname="backend.tests.test_iteration41_features.TestRecurringValidations" name="test_validation_requires_recurring_id_and_month" time="0.199" /><testcase classname="backend.tests.test_iteration41_features.TestTransactionDeletion" name="test_create_manual_transaction" time="0.109" /><testcase classname="backend.tests.test_iteration41_features.TestTransactionDeletion" name="test_delete_manual_no_exclusion" time="0.454" /><testcase classname="backend.tests.test_iteration41_features.TestTransactionDeletion" name="test_delete_recurring_creates_exclusion" time="0.718" /><testcase classname="backend.tests.test_iteration41_features.TestKPIDetailsValidation" name="test_kpi_details_includes_recurring_validations" time="0.102" /><testcase classname="backend.tests.test_iteration41_features.TestBilansAPI" name="test_get_annual_reviews" time="0.110" /><testcase classname="backend.tests.test_iteration41_features.TestBilansAPI" name="test_get_upcoming_reviews" time="0.108" /><testcase classname="backend.tests.test_iteration41_features.TestChallengesAPI" name="test_get_challenges" time="0.103" /><testcase classname="backend.tests.test_iteration41_features.TestChallengesAPI" name="test_challenge_detail" time="0.206" /></testsuite></testsuites>