<?xml version="1.0" encoding="utf-8"?><testsuites name="pytest tests"><testsuite name="pytest" errors="0" failures="0" skipped="0" tests="12" time="2.113" timestamp="2026-03-10T06:50:52.289070+00:00" hostname="agent-env-60a8026d-f68c-41d2-bfd9-4d29a665c161"><testcase classname="backend.tests.test_api.TestMonthlyKPIs" name="test_get_monthly_kpis_returns_12_months" time="0.213" /><testcase classname="backend.tests.test_api.TestMonthlyKPIs" name="test_kpis_have_computed_metrics" time="0.103" /><testcase classname="backend.tests.test_api.TestMonthlyKPIs" name="test_get_specific_month" time="0.099" /><testcase classname="backend.tests.test_api.TestMonthlyKPIs" name="test_get_nonexistent_month" time="0.110" /><testcase classname="backend.tests.test_api.TestTransactions" name="test_get_transactions" time="0.110" /><testcase classname="backend.tests.test_api.TestTransactions" name="test_get_transactions_filter_by_month" time="0.104" /><testcase classname="backend.tests.test_api.TestTransactions" name="test_create_transaction" time="0.240" /><testcase classname="backend.tests.test_api.TestTransactions" name="test_delete_transaction_creates_exclusion" time="0.515" /><testcase classname="backend.tests.test_api.TestTransactions" name="test_delete_nonexistent_transaction" time="0.103" /><testcase classname="backend.tests.test_api.TestCategories" name="test_get_categories" time="0.100" /><testcase classname="backend.tests.test_api.TestExcluded" name="test_get_excluded" time="0.103" /><testcase classname="backend.tests.test_api.TestInit" name="test_init_check" time="0.156" /></testsuite></testsuites>