<?xml version="1.0" encoding="utf-8"?><testsuites name="pytest tests"><testsuite name="pytest" errors="0" failures="0" skipped="0" tests="11" time="4.292" timestamp="2026-03-10T13:18:54.366313+00:00" hostname="agent-env-dba74067-e143-48e3-b22b-e2c03e6a8e97"><testcase classname="backend.tests.test_iteration10_billing_annual_review.TestMemberCreationWithBillingCycle" name="test_create_member_with_monthly_day_billing" time="0.334" /><testcase classname="backend.tests.test_iteration10_billing_annual_review.TestMemberCreationWithBillingCycle" name="test_create_member_with_interval_days_billing" time="0.160" /><testcase classname="backend.tests.test_iteration10_billing_annual_review.TestPaymentScheduleAutoCreation" name="test_payment_schedule_created_on_member_creation" time="0.382" /><testcase classname="backend.tests.test_iteration10_billing_annual_review.TestPaymentScheduleAutoCreation" name="test_no_schedule_when_billing_disabled" time="0.312" /><testcase classname="backend.tests.test_iteration10_billing_annual_review.TestAnnualReviewAutoCreation" name="test_annual_review_created_on_member_creation" time="0.407" /><testcase classname="backend.tests.test_iteration10_billing_annual_review.TestAnnualReviewAutoCreation" name="test_no_annual_review_when_disabled" time="0.359" /><testcase classname="backend.tests.test_iteration10_billing_annual_review.TestMemberUpdateBillingCycle" name="test_update_billing_cycle" time="0.392" /><testcase classname="backend.tests.test_iteration10_billing_annual_review.TestMemberRenewal" name="test_simple_renewal" time="0.362" /><testcase classname="backend.tests.test_iteration10_billing_annual_review.TestMemberRenewal" name="test_renewal_with_billing_update" time="0.452" /><testcase classname="backend.tests.test_iteration10_billing_annual_review.TestMemberRenewal" name="test_renewal_creates_annual_review" time="0.582" /><testcase classname="backend.tests.test_iteration10_billing_annual_review.TestRenewalHistory" name="test_renewal_history_recorded" time="0.405" /></testsuite></testsuites>