<?xml version="1.0" encoding="utf-8"?><testsuites name="pytest tests"><testsuite name="pytest" errors="0" failures="0" skipped="0" tests="7" time="2.129" timestamp="2026-03-16T18:15:23.381730+00:00" hostname="agent-env-39f47062-d002-42a1-9263-b0cb86fb6152"><testcase classname="backend.tests.test_iteration47_exit_date_alerts.TestExitDateFeature" name="test_member_update_with_exit_date" time="1.031" /><testcase classname="backend.tests.test_iteration47_exit_date_alerts.TestExitDateFeature" name="test_member_model_has_exit_date_field" time="0.266" /><testcase classname="backend.tests.test_iteration47_exit_date_alerts.TestExpiringMembersAlert" name="test_get_expiring_members_endpoint" time="0.132" /><testcase classname="backend.tests.test_iteration47_exit_date_alerts.TestExpiringMembersAlert" name="test_expiring_members_excludes_departed" time="0.136" /><testcase classname="backend.tests.test_iteration47_exit_date_alerts.TestExpiringMembersAlert" name="test_expiring_members_default_30_days" time="0.187" /><testcase classname="backend.tests.test_iteration47_exit_date_alerts.TestDashboardStats" name="test_member_stats_endpoint" time="0.156" /><testcase classname="backend.tests.test_iteration47_exit_date_alerts.TestMembershipFilter" name="test_memberships_list_endpoint" time="0.153" /></testsuite></testsuites>