<?xml version="1.0" encoding="utf-8"?><testsuites name="pytest tests"><testsuite name="pytest" errors="0" failures="1" skipped="0" tests="16" time="3.078" timestamp="2026-03-16T18:52:13.738858+00:00" hostname="agent-env-39f47062-d002-42a1-9263-b0cb86fb6152"><testcase classname="backend.tests.test_deduplication_iter48.TestMemberStatsDeduplication" name="test_stats_endpoint_returns_200" time="0.180" /><testcase classname="backend.tests.test_deduplication_iter48.TestMemberStatsDeduplication" name="test_stats_active_members_count" time="0.172" /><testcase classname="backend.tests.test_deduplication_iter48.TestMemberStatsDeduplication" name="test_stats_active_coaches_count" time="0.302" /><testcase classname="backend.tests.test_deduplication_iter48.TestMemberStatsDeduplication" name="test_stats_expired_members_count" time="0.150" /><testcase classname="backend.tests.test_deduplication_iter48.TestMemberStatsDeduplication" name="test_stats_departed_count" time="0.128" /><testcase classname="backend.tests.test_deduplication_iter48.TestMemberIsCoachAlso" name="test_members_endpoint_returns_200" time="0.217" /><testcase classname="backend.tests.test_deduplication_iter48.TestMemberIsCoachAlso" name="test_camille_astier_hubfit_has_is_coach_also" time="0.183" /><testcase classname="backend.tests.test_deduplication_iter48.TestMemberIsCoachAlso" name="test_johan_michelazzi_hubfit_has_is_coach_also" time="0.232" /><testcase classname="backend.tests.test_deduplication_iter48.TestMemberIsCoachAlso" name="test_lucas_da_costa_hubfit_has_is_coach_also" time="0.175" /><testcase classname="backend.tests.test_deduplication_iter48.TestMemberIsCoachAlso" name="test_lea_ebebeden_hubfit_has_is_coach_also" time="0.227" /><testcase classname="backend.tests.test_deduplication_iter48.TestMemberIsCoachAlso" name="test_taha_bentafat_hubfit_has_is_coach_also" time="0.176" /><testcase classname="backend.tests.test_deduplication_iter48.TestMemberIsCoachAlso" name="test_total_is_coach_also_count" time="0.187" /><testcase classname="backend.tests.test_deduplication_iter48.TestMemberIsDuplicate" name="test_nicholas_schmale_duplicate" time="0.170" /><testcase classname="backend.tests.test_deduplication_iter48.TestMemberIsDuplicate" name="test_salome_duo_duplicate" time="0.181" /><testcase classname="backend.tests.test_deduplication_iter48.TestMemberIsDuplicate" name="test_total_duplicate_count" time="0.179" /><testcase classname="backend.tests.test_deduplication_iter48.TestHealthCheck" name="test_api_health" time="0.132"><failure message="AssertionError: Health check failed: 404&#10;assert 404 == 200&#10; +  where 404 = &lt;Response [404]&gt;.status_code">backend/tests/test_deduplication_iter48.py:183: in test_api_health
    assert response.status_code == 200, f"Health check failed: {response.status_code}"
E   AssertionError: Health check failed: 404
E   assert 404 == 200
E    +  where 404 = &lt;Response [404]&gt;.status_code</failure></testcase></testsuite></testsuites>