<?xml version="1.0" encoding="utf-8"?><testsuites name="pytest tests"><testsuite name="pytest" errors="0" failures="0" skipped="0" tests="17" time="4.431" timestamp="2026-03-12T16:39:33.344860+00:00" hostname="agent-env-42e3cee8-bf35-4698-a809-333d0c2603dc"><testcase classname="backend.tests.test_iteration12_backend_refactor.TestBackendRefactoringKPIs" name="test_get_monthly_kpis" time="0.202" /><testcase classname="backend.tests.test_iteration12_backend_refactor.TestBackendRefactoringKPIs" name="test_get_specific_month_kpi" time="0.156" /><testcase classname="backend.tests.test_iteration12_backend_refactor.TestBackendRefactoringTransactions" name="test_create_transaction" time="0.207" /><testcase classname="backend.tests.test_iteration12_backend_refactor.TestBackendRefactoringTransactions" name="test_get_transactions" time="0.170" /><testcase classname="backend.tests.test_iteration12_backend_refactor.TestBackendRefactoringTransactions" name="test_get_categories" time="0.164" /><testcase classname="backend.tests.test_iteration12_backend_refactor.TestBackendRefactoringTrainings" name="test_get_trainings_with_year_filter" time="0.129" /><testcase classname="backend.tests.test_iteration12_backend_refactor.TestBackendRefactoringCourses" name="test_get_courses_with_filters" time="0.122" /><testcase classname="backend.tests.test_iteration12_backend_refactor.TestBackendRefactoringCourses" name="test_get_instructors" time="0.120" /><testcase classname="backend.tests.test_iteration12_backend_refactor.TestBackendRefactoringCourses" name="test_generate_salary_expenses" time="0.155" /><testcase classname="backend.tests.test_iteration12_backend_refactor.TestBackendRefactoringAlerts" name="test_get_alerts_summary" time="0.148" /><testcase classname="backend.tests.test_iteration12_backend_refactor.TestBackendRefactoringRecurring" name="test_get_recurring_transactions" time="0.126" /><testcase classname="backend.tests.test_iteration12_backend_refactor.TestDuoSubscription" name="test_create_duo_subscription_creates_both_members" time="0.601" /><testcase classname="backend.tests.test_iteration12_backend_refactor.TestDuoSubscription" name="test_get_duo_member_returns_partner_name" time="0.581" /><testcase classname="backend.tests.test_iteration12_backend_refactor.TestReviewHistory" name="test_get_review_history_returns_completed_reviews" time="0.364" /><testcase classname="backend.tests.test_iteration12_backend_refactor.TestReviewHistory" name="test_create_and_complete_review_appears_in_history" time="0.783" /><testcase classname="backend.tests.test_iteration12_backend_refactor.TestMembersRouter" name="test_get_members" time="0.138" /><testcase classname="backend.tests.test_iteration12_backend_refactor.TestMembersRouter" name="test_get_expiring_members" time="0.116" /></testsuite></testsuites>