<?xml version="1.0" encoding="utf-8"?><testsuites name="pytest tests"><testsuite name="pytest" errors="0" failures="0" skipped="0" tests="11" time="2.030" timestamp="2026-03-12T17:43:39.932793+00:00" hostname="agent-env-42e3cee8-bf35-4698-a809-333d0c2603dc"><testcase classname="backend.tests.test_iteration13_attendance.TestTrainingsEndpoints" name="test_get_trainings_returns_list" time="0.511" /><testcase classname="backend.tests.test_iteration13_attendance.TestTrainingsEndpoints" name="test_get_trainings_by_year" time="0.089" /><testcase classname="backend.tests.test_iteration13_attendance.TestTrainingsEndpoints" name="test_get_trainings_by_week" time="0.072" /><testcase classname="backend.tests.test_iteration13_attendance.TestTrainingsEndpoints" name="test_post_training_creates_record" time="0.172" /><testcase classname="backend.tests.test_iteration13_attendance.TestTrainingsEndpoints" name="test_post_training_updates_existing_record" time="0.236" /><testcase classname="backend.tests.test_iteration13_attendance.TestTrainingsEndpoints" name="test_training_record_structure" time="0.083" /><testcase classname="backend.tests.test_iteration13_attendance.TestTrainingSummaryEndpoint" name="test_get_training_summary" time="0.168" /><testcase classname="backend.tests.test_iteration13_attendance.TestTrainingSummaryEndpoint" name="test_get_training_summary_by_year" time="0.135" /><testcase classname="backend.tests.test_iteration13_attendance.TestMembersForAttendance" name="test_get_members_returns_list" time="0.070" /><testcase classname="backend.tests.test_iteration13_attendance.TestMembersForAttendance" name="test_member_has_required_fields_for_attendance" time="0.068" /><testcase classname="backend.tests.test_iteration13_attendance.TestAttendanceIntegration" name="test_attendance_data_flow" time="0.296" /></testsuite></testsuites>