<?xml version="1.0" encoding="utf-8"?><testsuites name="pytest tests"><testsuite name="pytest" errors="0" failures="0" skipped="0" tests="9" time="1.594" timestamp="2026-03-13T15:18:12.452989+00:00" hostname="agent-env-e646f235-2fbc-4ad7-983b-718bc3ebe648"><testcase classname="tests.test_ghl_integration.TestGHLLastSync" name="test_last_sync_returns_status" time="0.185" /><testcase classname="tests.test_ghl_integration.TestGHLSync" name="test_sync_returns_502_with_invalid_key" time="0.248" /><testcase classname="tests.test_ghl_integration.TestGHLConfirmSale" name="test_confirm_sale_creates_record" time="0.120" /><testcase classname="tests.test_ghl_integration.TestGHLConfirmSale" name="test_confirm_sale_requires_opportunity_id" time="0.131" /><testcase classname="tests.test_ghl_integration.TestGHLConfirmSale" name="test_confirm_sale_defaults" time="0.181" /><testcase classname="tests.test_ghl_integration.TestGHLSales" name="test_get_sales_for_month" time="0.120" /><testcase classname="tests.test_ghl_integration.TestGHLSales" name="test_get_sales_empty_month" time="0.127" /><testcase classname="tests.test_ghl_integration.TestGHLSyncHistory" name="test_sync_history_returns_list" time="0.153" /><testcase classname="tests.test_ghl_integration.TestGHLDataPersistence" name="test_sale_persists_and_retrieved" time="0.260" /></testsuite></testsuites>