<?xml version="1.0" encoding="utf-8"?><testsuites name="pytest tests"><testsuite name="pytest" errors="0" failures="0" skipped="0" tests="6" time="2.882" timestamp="2026-03-13T13:36:18.296903+00:00" hostname="agent-env-5bcf5d0f-2cfd-44f5-af19-f95917e784be"><testcase classname="backend.tests.test_iteration27_renewal_feature.TestRenewalMembershipChange" name="test_renew_updates_membership_type" time="0.487" /><testcase classname="backend.tests.test_iteration27_renewal_feature.TestRenewalMembershipChange" name="test_renew_without_membership_change" time="0.560" /><testcase classname="backend.tests.test_iteration27_renewal_feature.TestRenewalChallengeAutoAdd" name="test_renew_to_challenge_auto_adds_to_active_challenge" time="0.743" /><testcase classname="backend.tests.test_iteration27_renewal_feature.TestRenewalBillingUpdate" name="test_renew_updates_billing_fields" time="0.458" /><testcase classname="backend.tests.test_iteration27_renewal_feature.TestRenewalHistoryRecord" name="test_renewal_creates_history_record" time="0.466" /><testcase classname="backend.tests.test_iteration27_renewal_feature.TestExpiringMembers" name="test_get_expiring_members" time="0.107" /></testsuite></testsuites>