<?xml version="1.0" encoding="utf-8"?><testsuites name="pytest tests"><testsuite name="pytest" errors="0" failures="0" skipped="0" tests="9" time="2.004" timestamp="2026-03-18T14:16:08.754670+00:00" hostname="agent-env-977a7db0-3a78-4e75-8aea-1963e794ebf0"><testcase classname="backend.tests.test_annual_reviews_iter55.TestDashboardAlerts" name="test_dashboard_alerts_returns_correct_structure" time="0.213" /><testcase classname="backend.tests.test_annual_reviews_iter55.TestDashboardAlerts" name="test_dashboard_alerts_has_108_scheduled" time="0.147" /><testcase classname="backend.tests.test_annual_reviews_iter55.TestMemberSummary" name="test_member_summary_returns_correct_structure" time="0.271" /><testcase classname="backend.tests.test_annual_reviews_iter55.TestMemberSummary" name="test_member_summary_not_found" time="0.138" /><testcase classname="backend.tests.test_annual_reviews_iter55.TestGetAllReviews" name="test_get_all_reviews_returns_list" time="0.148" /><testcase classname="backend.tests.test_annual_reviews_iter55.TestGetAllReviews" name="test_reviews_all_type_annually" time="0.165" /><testcase classname="backend.tests.test_annual_reviews_iter55.TestCompleteReview" name="test_complete_review_with_measurements" time="0.517" /><testcase classname="backend.tests.test_annual_reviews_iter55.TestAutoGenerate" name="test_auto_generate_skips_existing" time="0.167" /><testcase classname="backend.tests.test_annual_reviews_iter55.TestNotificationEmailTemplate" name="test_review_reminder_endpoint_exists" time="0.169" /></testsuite></testsuites>