<?xml version="1.0" encoding="utf-8"?><testsuites name="pytest tests"><testsuite name="pytest" errors="0" failures="0" skipped="0" tests="9" time="2.585" timestamp="2026-03-16T15:43:27.951800+00:00" hostname="agent-env-e9e66705-f85f-4306-8f61-22cd93bfba61"><testcase classname="backend.tests.test_iteration43_challenge_workflow.TestMembershipTypeSettings" name="test_6_weeks_challenge_exists" time="0.180" /><testcase classname="backend.tests.test_iteration43_challenge_workflow.TestMembershipTypeSettings" name="test_no_chalenge_typo" time="0.156" /><testcase classname="backend.tests.test_iteration43_challenge_workflow.TestManualMemberCreationChallengeWorkflow" name="test_create_challenge_member_creates_review" time="0.440" /><testcase classname="backend.tests.test_iteration43_challenge_workflow.TestManualMemberCreationChallengeWorkflow" name="test_cleanup_manual_challenge_member" time="0.146" /><testcase classname="backend.tests.test_iteration43_challenge_workflow.TestGHLConfirmSaleChallengeWorkflow" name="test_ghl_confirm_challenge_sale" time="0.438" /><testcase classname="backend.tests.test_iteration43_challenge_workflow.TestGHLConfirmSaleChallengeWorkflow" name="test_cleanup_ghl_challenge_member" time="0.147" /><testcase classname="backend.tests.test_iteration43_challenge_workflow.TestKPIRecalculation" name="test_kpi_recalculate_reflects_transactions" time="0.419" /><testcase classname="backend.tests.test_iteration43_challenge_workflow.TestAnnualReviewsAPI" name="test_get_annual_reviews_with_type" time="0.153" /><testcase classname="backend.tests.test_iteration43_challenge_workflow.TestAnnualReviewsAPI" name="test_filter_reviews_by_type" time="0.454" /></testsuite></testsuites>