<?xml version="1.0" encoding="utf-8"?><testsuites name="pytest tests"><testsuite name="pytest" errors="0" failures="0" skipped="0" tests="22" time="6.240" timestamp="2026-03-10T10:26:54.673142+00:00" hostname="agent-env-f00f18c1-9586-41d2-b75f-24708b55492d"><testcase classname="backend.tests.test_iteration9_payments_onboarding.TestPaymentSchedules" name="test_get_payment_schedules" time="0.377" /><testcase classname="backend.tests.test_iteration9_payments_onboarding.TestPaymentSchedules" name="test_create_payment_schedule_monthly_day" time="0.304" /><testcase classname="backend.tests.test_iteration9_payments_onboarding.TestPaymentSchedules" name="test_create_payment_schedule_interval_days" time="0.245" /><testcase classname="backend.tests.test_iteration9_payments_onboarding.TestPaymentSchedules" name="test_delete_payment_schedule" time="0.300" /><testcase classname="backend.tests.test_iteration9_payments_onboarding.TestPayments" name="test_get_payments" time="0.214" /><testcase classname="backend.tests.test_iteration9_payments_onboarding.TestPayments" name="test_create_payment" time="0.265" /><testcase classname="backend.tests.test_iteration9_payments_onboarding.TestPayments" name="test_mark_payment_paid" time="0.308" /><testcase classname="backend.tests.test_iteration9_payments_onboarding.TestPayments" name="test_get_late_payments" time="0.337" /><testcase classname="backend.tests.test_iteration9_payments_onboarding.TestPayments" name="test_get_upcoming_payments" time="0.431" /><testcase classname="backend.tests.test_iteration9_payments_onboarding.TestPayments" name="test_generate_monthly_payments" time="0.459" /><testcase classname="backend.tests.test_iteration9_payments_onboarding.TestPayments" name="test_delete_payment" time="0.289" /><testcase classname="backend.tests.test_iteration9_payments_onboarding.TestOnboarding" name="test_get_pending_onboarding" time="0.209" /><testcase classname="backend.tests.test_iteration9_payments_onboarding.TestOnboarding" name="test_update_member_onboarding" time="0.146" /><testcase classname="backend.tests.test_iteration9_payments_onboarding.TestOnboarding" name="test_complete_all_onboarding_steps" time="0.153" /><testcase classname="backend.tests.test_iteration9_payments_onboarding.TestFollowups" name="test_get_followups" time="0.205" /><testcase classname="backend.tests.test_iteration9_payments_onboarding.TestFollowups" name="test_create_followup" time="0.281" /><testcase classname="backend.tests.test_iteration9_payments_onboarding.TestFollowups" name="test_complete_followup" time="0.334" /><testcase classname="backend.tests.test_iteration9_payments_onboarding.TestFollowups" name="test_get_upcoming_followups" time="0.301" /><testcase classname="backend.tests.test_iteration9_payments_onboarding.TestFollowups" name="test_get_missed_followups" time="0.367" /><testcase classname="backend.tests.test_iteration9_payments_onboarding.TestFollowups" name="test_delete_followup" time="0.254" /><testcase classname="backend.tests.test_iteration9_payments_onboarding.TestAlerts" name="test_get_alerts_summary" time="0.114" /><testcase classname="backend.tests.test_iteration9_payments_onboarding.TestCoursesS5" name="test_course_has_week5_attendance" time="0.239" /></testsuite></testsuites>