<?xml version="1.0" encoding="utf-8"?><testsuites name="pytest tests"><testsuite name="pytest" errors="0" failures="0" skipped="0" tests="11" time="2.163" timestamp="2026-03-19T11:47:10.262376+00:00" hostname="agent-env-edf48f30-9d71-4aa1-b26a-35265795eec2"><testcase classname="backend.tests.test_iteration59_audit.TestMemberStats" name="test_member_stats_counts" time="0.137" /><testcase classname="backend.tests.test_iteration59_audit.TestBillingFix" name="test_no_departed_member_has_billing_enabled" time="0.159" /><testcase classname="backend.tests.test_iteration59_audit.TestBillingFix" name="test_alexandra_dankova_billing_disabled" time="0.154" /><testcase classname="backend.tests.test_iteration59_audit.TestDuoFix" name="test_all_duo_members_have_partner_id" time="0.179" /><testcase classname="backend.tests.test_iteration59_audit.TestDuoFix" name="test_duo_partner_links_are_bidirectional" time="0.203" /><testcase classname="backend.tests.test_iteration59_audit.TestDuoFix" name="test_duo_member_detail_shows_partner_info" time="0.276" /><testcase classname="backend.tests.test_iteration59_audit.TestPaymentsFix" name="test_payment_count_matches_schedule_count" time="0.247" /><testcase classname="backend.tests.test_iteration59_audit.TestPaymentsFix" name="test_offert_members_have_paid_payments" time="0.342" /><testcase classname="backend.tests.test_iteration59_audit.TestPaymentsFix" name="test_payments_sync_endpoint" time="0.162" /><testcase classname="backend.tests.test_iteration59_audit.TestPaymentsFix" name="test_generate_monthly_payments_includes_offerts" time="0.140" /><testcase classname="backend.tests.test_iteration59_audit.TestDashboardKPIs" name="test_dashboard_kpis_show_correct_values" time="0.110" /></testsuite></testsuites>